
[23:35:16] [INFO] ======================================================================
[23:35:16] [INFO] TEP-LENS PIPELINE INITIATED
[23:35:16] [INFO] ======================================================================

======================================================================
RUNNING: step_00_fetch_literature_and_cross_paper_data.py
LOG: /Users/matthewsmawfield/www/Temporal Equivalence Principle/TEP-LENS/logs/step_00_fetch_literature_and_cross_paper_data.log
======================================================================


[23:35:16] [INFO] ======================================================================
[23:35:16] [INFO] STEP 00: Fetch Literature & Cross-Paper TEP Data
[23:35:16] [INFO] ======================================================================
[23:35:16] [INFO] Querying arXiv API for latest lensed supernova papers...
[23:35:47] [INFO] Found 50 recent arXiv entries
[23:35:47] [INFO] Saved TEP cross-paper coefficients to /Users/matthewsmawfield/www/Temporal Equivalence Principle/TEP-LENS/results/outputs/step_00_tep_response_coefficients.json
[23:35:47] [INFO] Saved arXiv registry to /Users/matthewsmawfield/www/Temporal Equivalence Principle/TEP-LENS/data/interim/external/arxiv_lensed_sn_registry.json
[23:35:47] [INFO] Results saved to /Users/matthewsmawfield/www/Temporal Equivalence Principle/TEP-LENS/results/outputs/step_00_literature_and_tep_data.json
[23:35:47] [INFO] Step 00 complete.

======================================================================
RUNNING: step_01_fetch_snh0pe_data.py
LOG: /Users/matthewsmawfield/www/Temporal Equivalence Principle/TEP-LENS/logs/step_01_fetch_snh0pe_data.log
======================================================================


[23:35:47] [INFO] ======================================================================
[23:35:47] [INFO] STEP 01: Compiling Lensed Supernova Literature Data
[23:35:47] [INFO] ======================================================================
[23:35:47] [INFO] Loading SN Refsdal data (Kelly et al. 2023)...
[23:35:47] [INFO] Loading SN H0pe data (Pierel et al. 2024)...
[23:35:47] [INFO] Loading SN Encore data (Pierel et al. 2026)...
[23:35:47] [INFO] Loading SN 2025wny discovery data (Johansson et al. 2025)...
[23:35:47] [INFO] Loading SN Eos discovery data (Coulter et al. 2026)...
[23:35:47] [INFO] Saved raw catalog to /Users/matthewsmawfield/www/Temporal Equivalence Principle/TEP-LENS/data/raw/sn_lensing/lensed_sn_catalog.json
[23:35:47] [INFO] Results saved to /Users/matthewsmawfield/www/Temporal Equivalence Principle/TEP-LENS/results/outputs/step_01_lensed_sn_catalog.json
[23:35:47] [INFO] Step 01 complete.

======================================================================
RUNNING: step_02_gr_closure.py
LOG: /Users/matthewsmawfield/www/Temporal Equivalence Principle/TEP-LENS/logs/step_02_gr_closure.log
======================================================================


[23:35:47] [INFO] ======================================================================
[23:35:47] [INFO] STEP 02: GR Algebraic Loop Sum — SN Refsdal
[23:35:47] [INFO] ======================================================================
[23:35:47] [INFO] Extracting SN Refsdal time delays (Kelly et al. 2023, ApJ 948, 93)...
[23:35:47] [INFO]   dt_S2_S1 = +9.9 ± 4.0 days
[23:35:47] [INFO]   dt_S3_S1 = +9.0 ± 4.2 days
[23:35:47] [INFO]   dt_S4_S1 = +20.3 ± 6.4 days
[23:35:47] [INFO]   dt_SX_S1 = +376.0 ± 5.6 days
[23:35:47] [INFO] Computing GR algebraic loop sums for all loops...
[23:35:47] [INFO]   Loop S1-S2-S3: L_GR = +0.0000 days (identically zero by arithmetic)
[23:35:47] [INFO]   Loop S1-S2-S4: L_GR = +0.0000 days (identically zero by arithmetic)
[23:35:47] [INFO]   Loop S1-S3-S4: L_GR = +0.0000 days (identically zero by arithmetic)
[23:35:47] [INFO]   Loop S1-S2-SX: L_GR = +0.0000 days (identically zero by arithmetic)
[23:35:47] [INFO]   Loop S1-S4-SX: L_GR = +0.0000 days (identically zero by arithmetic)
[23:35:47] [INFO] GR null test: all loops confirm L_GR = 0.000 days (exact).
[23:35:47] [INFO] Results saved to /Users/matthewsmawfield/www/Temporal Equivalence Principle/TEP-LENS/results/outputs/step_02_gr_closure.json
[23:35:47] [INFO] Step 02 complete.

======================================================================
RUNNING: step_03_tep_closure.py
LOG: /Users/matthewsmawfield/www/Temporal Equivalence Principle/TEP-LENS/logs/step_03_tep_closure.log
======================================================================


[23:35:47] [INFO] ======================================================================
[23:35:47] [INFO] STEP 03: Proxy-Model Predicted GR Discrepancy — SN Refsdal
[23:35:47] [INFO] ======================================================================
[23:35:47] [INFO] Proxy-model coupling alpha = -0.055 (Expansion/Screening)
[23:35:47] [INFO] Temporal shear factors Gamma_t per image:
[23:35:47] [INFO]   S1: mu_rel=1.158, mu_norm=1.181, Gamma=0.99602
[23:35:47] [INFO]   S2: mu_rel=0.887, mu_norm=0.905, Gamma=1.00239
[23:35:47] [INFO]   S3: mu_rel=0.716, mu_norm=0.730, Gamma=1.00750
[23:35:47] [INFO]   S4: mu_rel=1.793, mu_norm=1.829, Gamma=0.98558
[23:35:47] [INFO]   SX: mu_rel=0.347, mu_norm=0.354, Gamma=1.02480
[23:35:47] [INFO] Computing proxy-model predicted GR discrepancies...
[23:35:47] [INFO]   Loop S1-S2-S3: d_proxy_GR = -0.109 ± 0.033 days (SNR = 3.27)
[23:35:47] [INFO]   Loop S1-S2-S4: d_proxy_GR = +0.278 ± 0.111 days (SNR = 2.52)
[23:35:47] [INFO]   Loop S1-S3-S4: d_proxy_GR = +0.342 ± 0.148 days (SNR = 2.30)
[23:35:47] [INFO]   Loop S1-S2-SX: d_proxy_GR = -8.492 ± 0.128 days (SNR = 66.29)
[23:35:47] [INFO]   Loop S1-S4-SX: d_proxy_GR = -14.538 ± 0.230 days (SNR = 63.31)
[23:35:47] [INFO] Best loop by SNR: S1_S2_SX (SNR=66.29)
[23:35:47] [INFO] Results saved to /Users/matthewsmawfield/www/Temporal Equivalence Principle/TEP-LENS/results/outputs/step_03_tep_closure.json
[23:35:47] [INFO] Step 03 complete.

======================================================================
RUNNING: step_04_plot_closure.py
LOG: /Users/matthewsmawfield/www/Temporal Equivalence Principle/TEP-LENS/logs/step_04_plot_closure.log
======================================================================


[23:35:48] [INFO] ======================================================================
[23:35:48] [INFO] STEP 04: Generating Predicted GR Discrepancy Figures — SN Refsdal
[23:35:48] [INFO] ======================================================================
[23:35:49] [INFO] Figure 1 saved to /Users/matthewsmawfield/www/Temporal Equivalence Principle/TEP-LENS/results/figures/step_04_gr_discrepancy.png
[23:35:49] [INFO] Figure 2 saved to /Users/matthewsmawfield/www/Temporal Equivalence Principle/TEP-LENS/results/figures/step_04_baseline_vs_residual.png
[23:35:49] [INFO] Step 04 complete.

======================================================================
RUNNING: step_05_tdcosmo_shear.py
LOG: /Users/matthewsmawfield/www/Temporal Equivalence Principle/TEP-LENS/logs/step_05_tdcosmo_shear.log
======================================================================


[23:35:49] [INFO] ======================================================================
[23:35:49] [INFO] STEP 05: TDCOSMO Quad-Lens Temporal Shear Test
[23:35:49] [INFO] ======================================================================
[23:35:49] [INFO] TEP coupling alpha = -0.055 (empirical lensing-sector coupling)
[23:35:49] [INFO] Processing HE0435-1223...
[23:35:49] [INFO]   HE0435-1223 dt_BA: dt=-9.0±0.9d, log(F_i/F_A)=-0.133, TEP_shift=+0.066d
[23:35:49] [INFO]   HE0435-1223 dt_CA: dt=-3.0±1.4d, log(F_i/F_A)=-0.210, TEP_shift=+0.035d
[23:35:49] [INFO]   HE0435-1223 dt_DA: dt=-13.8±0.8d, log(F_i/F_A)=-0.252, TEP_shift=+0.191d
[23:35:49] [INFO] Processing WFI2033-4723...
[23:35:49] [INFO]   WFI2033-4723 dt_BA: dt=-36.2±0.8d, log(F_i/F_A)=-0.182, TEP_shift=+0.362d
[23:35:49] [INFO]   WFI2033-4723 dt_CA: dt=+22.7±1.4d, log(F_i/F_A)=-0.373, TEP_shift=+0.465d
[23:35:49] [INFO] Processing DES0408-5354...
[23:35:49] [INFO]   DES0408-5354 dt_BA: dt=-112.1±2.1d, log(F_i/F_A)=-0.146, TEP_shift=+0.898d
[23:35:49] [INFO]   DES0408-5354 dt_CA: dt=-155.5±12.8d, log(F_i/F_A)=-0.606, TEP_shift=+5.179d
[23:35:49] [INFO]   DES0408-5354 dt_DA: dt=-128.4±5.1d, log(F_i/F_A)=-0.719, TEP_shift=+5.077d
[23:35:49] [INFO] Processing RXJ1131-1231...
[23:35:49] [INFO]   RXJ1131-1231 dt_BA: dt=+0.7±1.4d, log(F_i/F_A)=-0.022, TEP_shift=+0.001d
[23:35:49] [INFO]   RXJ1131-1231 dt_CA: dt=-0.4±2.0d, log(F_i/F_A)=-0.276, TEP_shift=+0.006d
[23:35:49] [INFO]   RXJ1131-1231 dt_DA: dt=+91.4±1.5d, log(F_i/F_A)=-0.959, TEP_shift=+4.819d
[23:35:49] [INFO] Processing PG1115+080...
[23:35:49] [INFO]   PG1115+080 dt_A2A1: dt=-14.3±3.4d, log(F_i/F_A)=-0.796, TEP_shift=+0.626d
[23:35:49] [INFO]   PG1115+080 dt_CA1: dt=+9.4±3.4d, log(F_i/F_A)=-0.770, TEP_shift=+0.398d
[23:35:49] [INFO] Processing B1608+656...
[23:35:49] [INFO]   B1608+656 dt_BA: dt=+31.5±1.5d, log(F_i/F_A)=-0.301, TEP_shift=+0.522d
[23:35:49] [INFO]   B1608+656 dt_CA: dt=+36.0±1.5d, log(F_i/F_A)=-0.276, TEP_shift=+0.546d
[23:35:49] [INFO]   B1608+656 dt_DA: dt=+77.0±1.5d, log(F_i/F_A)=-0.796, TEP_shift=+3.371d
[23:35:49] [INFO] Processing J1206+4332...
[23:35:49] [INFO]   J1206+4332 dt_BA: dt=+111.3±3.0d, log(F_i/F_A)=-0.328, TEP_shift=+2.007d
[23:35:49] [INFO] Processing SN Encore...
[23:35:49] [INFO]   SN Encore dt_1b1a: dt=-37.3±13.1d, log(F_i/F_A)=+0.301, TEP_shift=-0.618d
[23:35:51] [INFO] Spearman rho(log_flux_ratio, TEP_shift) = -0.733, p = 0.0005
[23:35:51] [INFO] Note: by construction sign(rho) = sign(alpha_lens) since TEP_shift = alpha_lens*log(F)*|dt|
[23:35:51] [INFO] With alpha_lens=-0.055 < 0, the tautological correlation is negative (computed rho=-0.733).
[23:35:51] [INFO] The physically meaningful test is the magnitude of predicted shifts vs measurement errors.
[23:35:51] [INFO] Pairs with |TEP_shift| > 1σ_meas: 16/18
[23:35:51] [INFO] Figure saved to /Users/matthewsmawfield/www/Temporal Equivalence Principle/TEP-LENS/results/figures/step_05_tdcosmo_shear.png
[23:35:51] [INFO] Results saved to /Users/matthewsmawfield/www/Temporal Equivalence Principle/TEP-LENS/results/outputs/step_05_tdcosmo_shear.json
[23:35:51] [INFO] Step 05 complete.

======================================================================
RUNNING: step_06_alpha_sensitivity.py
LOG: /Users/matthewsmawfield/www/Temporal Equivalence Principle/TEP-LENS/logs/step_06_alpha_sensitivity.log
======================================================================


[23:35:52] [INFO] ======================================================================
[23:35:52] [INFO] STEP 06: Alpha Sensitivity Scan — SN Refsdal
[23:35:52] [INFO] ======================================================================
[23:35:52] [INFO] Scanning 300 alpha values from -0.150 to 0.150...
[23:35:52] [INFO] SNR is alpha-independent for all loops (R and R_err both ∝ alpha):
[23:35:52] [INFO] Detection thresholds per loop:
[23:35:52] [INFO]   S1–S2–S3: 3σ → holds at all |alpha| > 0 (SNR=3.27 is constant)
[23:35:52] [INFO]   S1–S2–S3: 5σ → never reached (SNR=3.27 < 5, constant)
[23:35:52] [INFO]   S1–S2–S4: 3σ → never reached (SNR=2.52 < 3, constant)
[23:35:52] [INFO]   S1–S2–S4: 5σ → never reached (SNR=2.52 < 5, constant)
[23:35:52] [INFO]   S1–S3–S4: 3σ → never reached (SNR=2.30 < 3, constant)
[23:35:52] [INFO]   S1–S3–S4: 5σ → never reached (SNR=2.30 < 5, constant)
[23:35:52] [INFO]   S1–S2–SX: 3σ → holds at all |alpha| > 0 (SNR=66.29 is constant)
[23:35:52] [INFO]   S1–S2–SX: 5σ → holds at all |alpha| > 0 (SNR=66.29 is constant)
[23:35:52] [INFO]   S1–S4–SX: 3σ → holds at all |alpha| > 0 (SNR=63.31 is constant)
[23:35:52] [INFO]   S1–S4–SX: 5σ → holds at all |alpha| > 0 (SNR=63.31 is constant)
[23:35:52] [INFO] 
At reference alpha = -0.055:
[23:35:52] [INFO]   S1–S2–S3: R_TEP = -0.109 d, SNR = 3.3
[23:35:52] [INFO]   S1–S2–S4: R_TEP = +0.278 d, SNR = 2.5
[23:35:52] [INFO]   S1–S3–S4: R_TEP = +0.342 d, SNR = 2.3
[23:35:52] [INFO]   S1–S2–SX: R_TEP = -8.492 d, SNR = 66.3
[23:35:52] [INFO]   S1–S4–SX: R_TEP = -14.538 d, SNR = 63.3
[23:35:52] [INFO] Figure 1 saved: /Users/matthewsmawfield/www/Temporal Equivalence Principle/TEP-LENS/results/figures/step_06_rtep_vs_alpha.png
[23:35:53] [INFO] Figure 2 saved: /Users/matthewsmawfield/www/Temporal Equivalence Principle/TEP-LENS/results/figures/step_06_snr_vs_alpha.png
[23:35:53] [INFO] Figure 3 saved: /Users/matthewsmawfield/www/Temporal Equivalence Principle/TEP-LENS/results/figures/step_06_loop_snr_intrinsic.png
[23:35:53] [INFO] Figure 4 saved: /Users/matthewsmawfield/www/Temporal Equivalence Principle/TEP-LENS/results/figures/step_06_rtep_loglog.png
[23:35:53] [INFO] Figure 5 saved: /Users/matthewsmawfield/www/Temporal Equivalence Principle/TEP-LENS/results/figures/step_06_rtep_symmetric.png
[23:35:53] [INFO] Results saved to /Users/matthewsmawfield/www/Temporal Equivalence Principle/TEP-LENS/results/outputs/step_06_alpha_sensitivity.json
[23:35:53] [INFO] Step 06 complete.

======================================================================
RUNNING: step_07_observed_vs_predicted.py
LOG: /Users/matthewsmawfield/www/Temporal Equivalence Principle/TEP-LENS/logs/step_07_observed_vs_predicted.log
======================================================================


[23:35:56] [INFO] ======================================================================
[23:35:56] [INFO] STEP 07: Observed vs. Blind-Predicted Delay — SN Refsdal SX
[23:35:56] [INFO] ======================================================================
[23:35:56] [INFO] Observed Delta_t(SX, S1) = 376.0 +/- 5.6 d (Kelly+2023, independent photometric light-curve fit)
[23:35:56] [INFO] Loaded 7 blind + 1 post-blind precision model (8 total; Treu+2016, Kelly+2023 Sci Table S4, Grillo+2024)
[23:35:56] [INFO] TEP predicted GR discrepancy from Step 03: -14.538 d (alpha=-0.055)
[23:35:56] [INFO] TEP Predicted Residual (Obs-Model): 14.538 d
[23:35:56] [INFO] Sensitivity: -264.3 d per unit alpha
[23:35:56] [INFO] 
Per-model observed - predicted residuals:
[23:35:56] [INFO] Model          Pred   Delta  sigma_m  sigma_tot      z
[23:35:56] [INFO] Oguri-a       324.0    +52.0      59.0        59.3  +0.877
[23:35:56] [INFO] Sharon        345.0    +31.0      59.5        59.8  +0.519
[23:35:56] [INFO] Diego         376.0     +0.0      50.0        50.3  +0.000
[23:35:56] [INFO] Grillo        361.0    +15.0      23.5        24.2  +0.621
[23:35:56] [INFO] Kawamata      369.0     +7.0      48.5        48.8  +0.143
[23:35:56] [INFO] Jauzac        359.0    +17.0      48.0        48.3  +0.352
[23:35:56] [INFO] CATS          374.0     +2.0      46.0        46.3  +0.043
[23:35:56] [INFO] Grillo+2024   362.0    +14.0      16.0        17.0  +0.826
[23:35:56] [INFO] 
Weighted mean residual R_obs = +14.61 +/- 11.57 d  (z = +1.26)
[23:35:56] [INFO] Unweighted mean: +17.25 d, std = 16.00 d
[23:35:56] [INFO] Models with positive residual: 7/8
[23:35:56] [INFO] 
TEP consistency test:
[23:35:56] [INFO]   R_obs (weighted)  = +14.61 +/- 11.57 d
[23:35:56] [INFO]   R_TEP_pred        = +14.538 d
[23:35:56] [INFO]   Tension           = +0.01 sigma
[23:35:56] [INFO]   Inferred alpha    = -0.0553 (if R_obs attributed entirely to TEP)
[23:35:56] [INFO] 
GR null test:
[23:35:56] [INFO]   R_obs = +14.61 +/- 11.57 d
[23:35:56] [INFO]   Tension with GR (R=0): +1.26 sigma
[23:35:56] [INFO] 
Bootstrap alpha inference (N=10000, resampling models with replacement):
[23:35:56] [INFO]   Bootstrap mean alpha   = -0.0560 +/- 0.0108
[23:35:56] [INFO]   Bootstrap median       = -0.0550
[23:35:56] [INFO]   68% CI (16th-84th pct) = [-0.0642, -0.0475]
[23:35:56] [INFO]   P(alpha < 0 | data)    = 1.000 (100.0%)
[23:35:56] [INFO]   P(|alpha - alpha_ref| < 0.044) = 0.995
[23:35:56] [INFO] 
Binomial sign test (all 8 models):
[23:35:56] [INFO]   Models with positive residual: 7/8
[23:35:56] [INFO]   One-sided p-value (H0: p=0.5): p = 0.0352
[23:35:56] [INFO]   Equivalent z (normal approx):  z = +2.12
[23:35:56] [INFO]   Blind models only: 6/7 positive, p = 0.0625
[23:35:56] [INFO]   Wilcoxon signed-rank (all 8, ties excluded): p = 0.007812
[23:35:56] [INFO]   All 7 non-zero residuals positive: max Wilcoxon statistic (p=1/2^7=0.0078)
[23:35:56] [INFO]   Wilcoxon signed-rank (blind 7 only, ties excluded): p = 0.015625
[23:35:56] [INFO]   All 6 non-zero blind residuals positive: max Wilcoxon statistic (p=1/2^6=0.0156)
[23:35:56] [INFO] 
Chi-squared model comparison (8 models):
[23:35:56] [INFO]   chi^2 under GR  (R=0):            2.253
[23:35:56] [INFO]   chi^2 under TEP (R=14.5 d):  0.660
[23:35:56] [INFO]   Delta chi^2 = chi^2_GR - chi^2_TEP = +1.593
[23:35:56] [INFO]   TEP preferred over GR by Delta chi^2 = 1.59
[23:35:56] [INFO]   p-value (chi^2, 1 dof): p = 0.2069
[23:35:56] [INFO] 
TEP-corrected consistency (Delta_t_corr = 361.5 d):
[23:35:56] [INFO]   Weighted RMS before correction: 17.37 d
[23:35:56] [INFO]   Weighted RMS after  correction: 9.40 d
[23:35:56] [INFO]   Improvement: 45.9% reduction in wRMS
[23:35:56] [INFO]   Models improved: 5/8
[23:35:58] [INFO] Figure 1 saved: /Users/matthewsmawfield/www/Temporal Equivalence Principle/TEP-LENS/results/figures/step_07_observed_vs_predicted.png
[23:35:58] [INFO] Figure 2 saved: /Users/matthewsmawfield/www/Temporal Equivalence Principle/TEP-LENS/results/figures/step_07_residuals.png
[23:35:58] [INFO] Figure 2b saved: /Users/matthewsmawfield/www/Temporal Equivalence Principle/TEP-LENS/results/figures/step_07_chi2_comparison.png
[23:35:58] [INFO] Figure 3 saved: /Users/matthewsmawfield/www/Temporal Equivalence Principle/TEP-LENS/results/figures/step_07_alpha_inference.png
[23:35:58] [INFO] 
Results saved to /Users/matthewsmawfield/www/Temporal Equivalence Principle/TEP-LENS/results/outputs/step_07_observed_vs_predicted.json
[23:35:58] [INFO] Step 07 complete.

======================================================================
RUNNING: step_08_new_evidence.py
LOG: /Users/matthewsmawfield/www/Temporal Equivalence Principle/TEP-LENS/logs/step_08_new_evidence.log
======================================================================


[23:35:59] [INFO] ======================================================================
[23:35:59] [INFO] STEP 08: Extended Evidence Package
[23:35:59] [INFO] ======================================================================
[23:35:59] [INFO] 
============================================================
[23:35:59] [INFO] TEST A: Delay-Magnification Anticorrelation (SN Refsdal)
[23:35:59] [INFO] ============================================================
[23:35:59] [INFO]   Images: ['S1', 'S2', 'S3', 'S4', 'SX']
[23:35:59] [INFO]   Delays (d):  [  0.    9.9   9.   20.3 376. ]
[23:35:59] [INFO]   mu_norm:     [1.181 0.905 0.73  1.829 0.354]
[23:35:59] [INFO]   1/mu_norm:   [0.846 1.105 1.369 0.547 2.825]
[23:35:59] [INFO]   Spearman rho = 0.3000, p (one-sided) = 0.3119
[23:35:59] [INFO]   Pearson  r   = 0.9318,   p (one-sided) = 0.0106
[23:35:59] [INFO]   Linear fit: dt = -147.9 + 172.6 * (1/mu_norm)
[23:35:59] [INFO]   slope = 172.6 ± 38.8 d  (t = 4.45)
[23:36:01] [INFO] 
  --- Robustness diagnostics ---
[23:36:01] [INFO]   Leave-one-out Pearson r:
[23:36:01] [INFO]     Excluding S1: r = 0.926
[23:36:01] [INFO]     Excluding S2: r = 0.934
[23:36:01] [INFO]     Excluding S3: r = 0.968
[23:36:01] [INFO]     Excluding S4: r = 0.975
[23:36:01] [INFO]     Excluding SX: r = -0.404
[23:36:01] [INFO]   Cook's distance: {'S1': 0.0, 'S2': 0.053, 'S3': 0.278, 'S4': 0.643, 'SX': 2.235}
[23:36:01] [INFO]   Std. residual:   {'S1': 0.04, 'S2': -0.7, 'S3': -1.67, 'S4': 1.79, 'SX': 2.22}
[23:36:01] [INFO]   Theil-Sen slope: 27.8 [-67.7, 252.1] d
[23:36:01] [INFO]   Bootstrap Pearson r (n=10000): 95% CI = [-1.000, 1.000]
[23:36:01] [INFO]   Fraction of bootstrap draws with r > 0.8: 0.719
[23:36:01] [INFO] 
============================================================
[23:36:01] [INFO] TEST B: Inner-Cross Arrival-Order Transparency Check
[23:36:01] [INFO] ============================================================
[23:36:01] [INFO]   All-5-image: Kendall tau=0.200, exact p=0.4083
[23:36:01] [INFO]   Concordant pairs: 6/10  -- NOT significant
[23:36:01] [INFO]   Exact rank match: False
[23:36:01] [INFO]   NOTE: S4 is most magnified (mu_norm=1.83) but arrives 4th (20.3d).
[23:36:01] [INFO]   NOTE: Inner-cross delay ordering dominated by geometric path length
[23:36:01] [INFO]          differences (~10-20d), far exceeding TEP shift (~0.3d).
[23:36:01] [INFO]   NOTE: This is EXPECTED under TEP, not a falsification.
[23:36:01] [INFO]   NOTE: SX dominates: TEP shift for SX (~13d) >> inner-cross TEP shift (~0.3d).
[23:36:01] [INFO]   TEP-induced delay shifts relative to S1:
[23:36:01] [INFO]     S1: TEP_shift=+0.000d, meas_err=0.0d, signal/noise=0.000
[23:36:01] [INFO]     S2: TEP_shift=+0.063d, meas_err=4.0d, signal/noise=0.016
[23:36:01] [INFO]     S3: TEP_shift=+0.103d, meas_err=4.2d, signal/noise=0.025
[23:36:01] [INFO]     S4: TEP_shift=-0.212d, meas_err=6.4d, signal/noise=0.033
[23:36:01] [INFO]     SX: TEP_shift=+10.823d, meas_err=5.6d, signal/noise=1.933
[23:36:01] [INFO] 
============================================================
[23:36:01] [INFO] TEST C: Alpha Inference Consistency (cross-model)
[23:36:01] [INFO] ============================================================
[23:36:01] [INFO]   Per-model alpha_inferred:
[23:36:01] [INFO]     Oguri-a     : alpha = -0.1967 ± 0.2242
[23:36:01] [INFO]     Sharon      : alpha = -0.1173 ± 0.2261
[23:36:01] [INFO]     Diego       : alpha = -0.0000 ± 0.1903
[23:36:01] [INFO]     Grillo      : alpha = -0.0567 ± 0.0914
[23:36:01] [INFO]     Kawamata    : alpha = -0.0265 ± 0.1847
[23:36:01] [INFO]     Jauzac      : alpha = -0.0643 ± 0.1828
[23:36:01] [INFO]     CATS        : alpha = -0.0076 ± 0.1753
[23:36:01] [INFO] 
  Weighted mean alpha_inferred = -0.0573 ± 0.0599
[23:36:01] [INFO]   z vs GR null (alpha=0):   z = -0.956, p = 0.1696
[23:36:01] [INFO]   z vs TEP (alpha_lens≈-0.055): z = -0.038, p = 0.9700
[23:36:01] [INFO]   Scatter chi^2 = 0.66 / 6 dof, p = 0.9954  (expected if noise-dominated: p ~ 0.5)
[23:36:01] [INFO] 
============================================================
[23:36:01] [INFO] TEST D: SN H0pe Closure Sensitivity Analysis (prediction, not observation)
[23:36:01] [INFO] ============================================================
[23:36:01] [INFO]   SN H0pe: z_s=1.783, z_l=0.351
[23:36:01] [INFO]   dt(A-B) = -116.6 ± 10.1 d
[23:36:01] [INFO]   dt(C-B) = -48.6 ± 3.8 d
[23:36:01] [INFO]   dt(A-C) = -68.0 ± 10.7 d  (derived)
[23:36:01] [INFO]   A: mu=4.4, mu_norm=0.705
[23:36:01] [INFO]   B: mu=8.0, mu_norm=1.273
[23:36:01] [INFO]   C: mu=6.4, mu_norm=1.023
[23:36:01] [INFO] 
  Gamma per image:
[23:36:01] [INFO]     A: Gamma_t = 1.00836
[23:36:01] [INFO]     B: Gamma_t = 0.99424
[23:36:01] [INFO]     C: Gamma_t = 0.99946
[23:36:01] [INFO]   TEP closure residual R_TEP(A,B,C) = +1.2913 ± 0.0870 d
[23:36:01] [INFO]   SNR = 14.84
[23:36:01] [INFO]   Systematic error from mu uncertainty: 0.3678 d
[23:36:01] [INFO]   Total error (stat + sys):             0.3779 d
[23:36:01] [INFO]   SNR (including systematics):          3.42
[23:36:01] [INFO]   p-value (one-sided, H0: R_TEP=0): p = 0.0003
[23:36:01] [INFO]   GR closure residual (sanity check) = 0.000000 d  (must be 0)
[23:36:01] [INFO]   IMPORTANT: This is the PREDICTED residual under TEP, NOT an observed
[23:36:01] [INFO]   non-zero closure. The observed closure from the Pierel+2024 delays
[23:36:01] [INFO]   is identically 0 (all delays relative to image B). An independent
[23:36:01] [INFO]   fourth image (like SX in Refsdal) would be needed to observe R_TEP.
[23:36:01] [INFO]   Interpretation: H0pe is SENSITIVE to TEP at SNR=3.42 --
[23:36:01] [INFO]   a future independent delay measurement would detect it at 3.4 sigma.
[23:36:01] [INFO] 
============================================================
[23:36:01] [INFO] TEST E: Fisher Combined Significance
[23:36:01] [INFO] ============================================================
[23:36:01] [INFO] 
  All p-values (including invalid):
[23:36:01] [INFO]     binomial_sign_test_all8               : p=0.0352 z=1.81  [VALID]
[23:36:01] [INFO]     binomial_sign_test_blind7             : p=0.0625 z=1.53  [VALID]
[23:36:01] [INFO]     delay_mu_pearson                      : p=0.0106 z=2.31  [VALID]
[23:36:01] [INFO]     arrival_order_kendall                 : p=0.4083 z=0.23  [VALID]
[23:36:01] [INFO]     alpha_inference_vs_zero               : p=0.1696 z=0.96  [VALID]
[23:36:01] [INFO]     snh0pe_closure_PREDICTED              : p=0.0003 z=3.42  [INVALID (predicted)]
[23:36:01] [INFO] 
  NOTE: Pearson delay-mu, H0pe, and arrival-order excluded from summary.
[23:36:01] [INFO]   Pearson excluded: n=5 with extreme SX leverage; correlation test is
[23:36:01] [INFO]   statistically inappropriate and not probative (see robustness diagnostics).
[23:36:01] [INFO]   H0pe SNR=3.42 is a PREDICTION (testability), not an observation.
[23:36:01] [INFO]   Arrival-order: tau=0.20, p=0.41 -- not significant, excluded.
[23:36:01] [INFO]   Wilcoxon BLIND-ONLY (p=0.016) is the primary rank test:
[23:36:01] [INFO]   all 6 non-zero blind residuals are positive, giving max Wilcoxon statistic.
[23:36:01] [INFO] 
  NOTE: These tests are fundamentally correlated. Combining them
[23:36:01] [INFO]   via Fisher/Stouffer is statistically invalid. The conservative
[23:36:01] [INFO]   significance is the strongest robust single test: z=2.15 (Wilcoxon blind).
[23:36:01] [INFO] 
  SN H0pe sensitivity:
[23:36:01] [INFO]   If a 4th-image independent delay were measured for H0pe,
[23:36:01] [INFO]   TEP would be detectable at SNR=3.42 (p<3e-04).
[23:36:01] [INFO] 
Figure A saved: /Users/matthewsmawfield/www/Temporal Equivalence Principle/TEP-LENS/results/figures/step_08_A_delay_vs_mu.png
[23:36:01] [INFO] Figure B saved: /Users/matthewsmawfield/www/Temporal Equivalence Principle/TEP-LENS/results/figures/step_08_B_arrival_order.png
[23:36:01] [INFO] Figure C saved: /Users/matthewsmawfield/www/Temporal Equivalence Principle/TEP-LENS/results/figures/step_08_C_alpha_inference.png
[23:36:01] [INFO] Figure D saved: /Users/matthewsmawfield/www/Temporal Equivalence Principle/TEP-LENS/results/figures/step_08_D_snh0pe_closure.png
[23:36:02] [INFO] Figure E saved: /Users/matthewsmawfield/www/Temporal Equivalence Principle/TEP-LENS/results/figures/step_08_E_evidence_ladder.png
[23:36:02] [INFO] 
============================================================
[23:36:02] [INFO] SUMMARY OF ALL EVIDENCE
[23:36:02] [INFO] ============================================================
[23:36:02] [INFO]   A. Delay-mu correlation:      Pearson r=0.932 (SX-leveraged, NOT probative)
[23:36:02] [INFO]                                Spearman rho=0.300, p=0.312 (not significant)
[23:36:02] [INFO]   B. Arrival-order:             tau=0.200, p=0.4083 -- NOT SIGNIFICANT (inner cross dominated by geometry)
[23:36:02] [INFO]   C. Alpha inference:           alpha=-0.0573±0.0599, z_vs_0=-0.96, p=0.1696 [OBSERVED]
[23:36:02] [INFO]   D. SN H0pe sensitivity:       SNR=3.42 PREDICTED (not observed)
[23:36:02] [INFO]   E. Headline Signif:           z=2.15σ (Wilcoxon), p=0.01562
[23:36:02] [INFO]   Best single result:           Wilcoxon sign test p=0.0156 (2.4σ) [OBSERVED]
[23:36:02] [INFO] 
Results saved to /Users/matthewsmawfield/www/Temporal Equivalence Principle/TEP-LENS/results/outputs/step_08_new_evidence.json
[23:36:02] [INFO] Step 08 complete.

======================================================================
RUNNING: step_09_precision_roadmap.py
LOG: /Users/matthewsmawfield/www/Temporal Equivalence Principle/TEP-LENS/logs/step_09_precision_roadmap.log
======================================================================


[23:36:03] [INFO] ======================================================================
[23:36:03] [INFO] STEP 09: Precision Roadmap Simulation
[23:36:03] [INFO] ======================================================================
[23:36:03] [INFO] Thresholds for N=8 independent models:
[23:36:03] [INFO]   3-sigma evidence requires per-model err < 13.7 d
[23:36:03] [INFO]   5-sigma discovery requires per-model err < 8.2 d
[23:36:03] [INFO] Falsification thresholds (if GR is true, exclude TEP):
[23:36:03] [INFO]   Same sigma thresholds apply (symmetric for single test)
[23:36:03] [INFO]   At current precision (sigma_R=11.6 d):
[23:36:03] [INFO]     TEP excluded at 2-sigma if |R_obs - 14.5| > 23.1 d
[23:36:03] [INFO]     TEP excluded at 3-sigma if |R_obs - 14.5| > 34.7 d
[23:36:03] [INFO] Figure saved to /Users/matthewsmawfield/www/Temporal Equivalence Principle/TEP-LENS/results/figures/step_09_precision_roadmap.png
[23:36:03] [INFO] Results saved to /Users/matthewsmawfield/www/Temporal Equivalence Principle/TEP-LENS/results/outputs/step_09_precision_roadmap.json
[23:36:03] [INFO] Step 09 complete.

======================================================================
RUNNING: step_10_h0_tension.py
LOG: /Users/matthewsmawfield/www/Temporal Equivalence Principle/TEP-LENS/logs/step_10_h0_tension.log
======================================================================


[23:36:04] [INFO] ======================================================================
[23:36:04] [INFO] STEP 10: H0 Tension Resolution (measured coupling)
[23:36:04] [INFO] ======================================================================
[23:36:04] [INFO] 
SN Refsdal:
[23:36:04] [INFO]   GR H0 = 66.6 +/- 4.1/3.3
[23:36:04] [INFO]   TEP shift factor = 1.0402 +/- 0.0007
[23:36:04] [INFO]   TEP H0 = 69.3 +/- 0.0 (shift: +2.7)
[23:36:04] [INFO]   dt_obs = 376.0 d, dt_geom = 361.5 d
[23:36:04] [INFO] 
SN H0pe:
[23:36:04] [INFO]   GR H0 = 60.9 +/- 5.1/4.6
[23:36:04] [INFO]   TEP shift factor = 1.0006 +/- 0.0023
[23:36:04] [INFO]   TEP H0 = 60.9 +/- 0.1 (shift: +0.0)
[23:36:04] [INFO]   Per-delay: A-B f=1.0084, C-B f=0.9995
[23:36:04] [INFO]   Predicted closure residual = 1.29 d
[23:36:04] [INFO] 
SN Encore:
[23:36:04] [INFO]   GR H0 = 60.9 +/- 5.1/4.6
[23:36:04] [INFO]   TEP shift factor = 1.0005 +/- 0.0016
[23:36:04] [INFO]   TEP H0 = 60.9 +/- 0.1 (shift: +0.0)
[23:36:04] [INFO]   Reference-dependent range: 0.9957 to 1.0052
[23:36:04] [INFO] 
Combined Low-H0 cluster (Ref+H0pe+Enc):
[23:36:04] [INFO]   GR:  63.5
[23:36:04] [INFO]   TEP: 64.8 (shift: +1.3)
[23:36:04] [INFO] 
Planck tension check (FULL error budget):
[23:36:04] [INFO]   Refsdal: |69.3 - 67.4| = 1.9 d
[23:36:04] [INFO]     sigma_total = sqrt(3.7^2 + 0.5^2) = 3.73
[23:36:04] [INFO]     tension = 0.50 sigma  (p = 0.615)
[23:36:04] [INFO]   H0pe:    tension = 1.33 sigma
[23:36:04] [INFO]   Encore:  tension = 1.33 sigma
[23:36:04] [INFO]   NOTE: The Refsdal TEP shift does NOT resolve the H0 tension.
[23:36:04] [INFO]         The lens-model uncertainty (~4 km/s/Mpc) dominates.
[23:36:04] [INFO] 
Results saved to /Users/matthewsmawfield/www/Temporal Equivalence Principle/TEP-LENS/results/outputs/step_10_h0_tension.json
[23:36:04] [INFO] Saved plot to /Users/matthewsmawfield/www/Temporal Equivalence Principle/TEP-LENS/results/figures/step_10_h0_tension.png
[23:36:04] [INFO] Step 10 complete.

======================================================================
RUNNING: step_11_model_dependence.py
LOG: /Users/matthewsmawfield/www/Temporal Equivalence Principle/TEP-LENS/logs/step_11_model_dependence.log
======================================================================


[23:36:05] [INFO] ======================================================================
[23:36:05] [INFO] STEP 11: Model Dependence Robustness
[23:36:05] [INFO] ======================================================================
[23:36:05] [INFO] Baseline weighted mean residual: +14.61 ± 11.57 d (z=1.26)
[23:36:05] [INFO] Baseline sign test: 7/8 positive, p=0.0352
[23:36:05] [INFO] Wilcoxon signed-rank p(one-sided): 0.0078
[23:36:05] [INFO] [DEPRECATED] Exact sign-flip p=0.0078 — assumes independent residuals; invalid under correlation
[23:36:05] [INFO] Blind sign test: 6/7 positive, p=0.0625
[23:36:05] [INFO] Blind Wilcoxon signed-rank p(one-sided): 0.0156
[23:36:05] [INFO] Method-family effective sample size (Kish proxy): N_eff=7.20 from N=8
[23:36:06] [INFO] Break-even ICC (all 8 binomial 7/8): rho = 0.026
[23:36:06] [INFO] Break-even ICC (blind 7 binomial 6/7): rho = 0.000
[23:36:35] [INFO] Permutation Wilcoxon (all 8, family-aware): p = 0.0310
[23:36:35] [INFO] Permutation Wilcoxon (blind 7, family-aware): p = 0.0310
[23:36:49] [INFO] Block-bootstrap Wilcoxon (all 8, family-aware): p_median=0.0068, p_16-84=[0.0037, 0.0154], P(p<=0.05)=99.65%
[23:36:49] [INFO] Block-bootstrap Wilcoxon (blind 7, family-aware): p_median=0.0109, p_16-84=[0.0067, 0.0173], P(p<=0.05)=99.43%
[23:36:49] [INFO] [CAVEAT] Wilcoxon break-even ICC (all 8): rho ≈ 0.103 — approximate, not a closed-form correction; use block-bootstrap instead.
[23:36:49] [INFO] [CAVEAT] Wilcoxon break-even ICC (blind): rho ≈ 0.078 — approximate, not a closed-form correction; use block-bootstrap instead.
[23:36:49] [INFO] Interpretation: if inter-model correlation exceeds these values, p > 0.05.
[23:36:49] [INFO] LOO robustness summary:
[23:36:49] [INFO]   Sign-test p range: 0.0078 to 0.0625
[23:36:49] [INFO]   Weighted-mean z range: 0.96 to 1.30
[23:36:49] [INFO]   Δχ² (GR-TEP) range: +0.91 to +1.68
[23:36:50] [INFO] Figure saved to /Users/matthewsmawfield/www/Temporal Equivalence Principle/TEP-LENS/results/figures/step_11_model_dependence.png
[23:36:50] [INFO] Results saved to /Users/matthewsmawfield/www/Temporal Equivalence Principle/TEP-LENS/results/outputs/step_11_model_dependence.json
[23:36:50] [INFO] Step 11 complete.

======================================================================
RUNNING: step_12_microlensing_robustness.py
LOG: /Users/matthewsmawfield/www/Temporal Equivalence Principle/TEP-LENS/logs/step_12_microlensing_robustness.log
======================================================================


[23:36:53] [INFO] ======================================================================
[23:36:53] [INFO] STEP 12: Microlensing Robustness Monte Carlo
[23:36:53] [INFO] ======================================================================
[23:36:53] [INFO] Using 8 cores for parallel Monte Carlo
[23:36:53] [INFO] Running 20000 draws for frac=0.10...
[23:36:55] [INFO] frac=0.10: R_TEP=-14.53 [-15.84, -13.23] d; P(Δχ²>0)=1.000
[23:36:55] [INFO] Running 20000 draws for frac=0.20...
[23:36:55] [INFO] frac=0.20: R_TEP=-14.50 [-17.13, -12.00] d; P(Δχ²>0)=1.000
[23:36:55] [INFO] Running 20000 draws for frac=0.30...
[23:36:56] [INFO] frac=0.30: R_TEP=-14.53 [-18.32, -10.64] d; P(Δχ²>0)=0.992
[23:36:56] [INFO] Running 20000 proxy-mapping draws (shear-degeneracy envelope)...
[23:36:57] [INFO] Proxy-mapping: R_TEP=-18.90 [-29.67, 0.90] d; P(Δχ²>0)=0.629
[23:36:58] [INFO] Figure saved to /Users/matthewsmawfield/www/Temporal Equivalence Principle/TEP-LENS/results/figures/step_12_microlensing_robustness.png
[23:36:58] [INFO] Results saved to /Users/matthewsmawfield/www/Temporal Equivalence Principle/TEP-LENS/results/outputs/step_12_microlensing_robustness.json
[23:36:58] [INFO] Step 12 complete.

======================================================================
RUNNING: step_13_bayes_model_comparison.py
LOG: /Users/matthewsmawfield/www/Temporal Equivalence Principle/TEP-LENS/logs/step_13_bayes_model_comparison.log
======================================================================


[23:37:01] [INFO] ======================================================================
[23:37:01] [INFO] STEP 13: Bayesian GR vs TEP Comparison
[23:37:01] [INFO] ======================================================================
[23:37:05] [INFO] [baseline] logZ(GR)        = -39.22
[23:37:05] [INFO] [baseline] logZ(TEP fixed) = -39.16
[23:37:05] [INFO] [baseline] logZ(TEP free)  = -39.70
[23:37:05] [INFO] [baseline] log BF fixed/GR = +0.06 (BF=1.06)
[23:37:05] [INFO] [baseline] log BF free/GR  = -0.49 (BF=0.615)
[23:37:05] [INFO] [baseline] Posterior tau   = 10.10 [2.29, 17.81] d
[23:37:05] [INFO] [baseline] Posterior alpha = -0.0384 [-0.1237, 0.0455]
[23:37:09] [INFO] [h0pe2025_informed] logZ(GR)        = -39.51
[23:37:09] [INFO] [h0pe2025_informed] logZ(TEP fixed) = -39.51
[23:37:09] [INFO] [h0pe2025_informed] logZ(TEP free)  = -40.22
[23:37:09] [INFO] [h0pe2025_informed] log BF fixed/GR = -0.00 (BF=0.997)
[23:37:09] [INFO] [h0pe2025_informed] log BF free/GR  = -0.71 (BF=0.492)
[23:37:09] [INFO] [h0pe2025_informed] Posterior tau   = 11.16 [2.51, 19.72] d
[23:37:09] [INFO] [h0pe2025_informed] Posterior alpha = -0.0379 [-0.1300, 0.0516]
[23:37:11] [INFO] Figure saved to /Users/matthewsmawfield/www/Temporal Equivalence Principle/TEP-LENS/results/figures/step_13_bayes_comparison.png
[23:37:11] [INFO] Results saved to /Users/matthewsmawfield/www/Temporal Equivalence Principle/TEP-LENS/results/outputs/step_13_bayes_model_comparison.json
[23:37:11] [INFO] Step 13 complete.

======================================================================
RUNNING: step_14_external_chain_ingestion.py
LOG: /Users/matthewsmawfield/www/Temporal Equivalence Principle/TEP-LENS/logs/step_14_external_chain_ingestion.log
======================================================================


[23:37:12] [INFO] ======================================================================
[23:37:12] [INFO] STEP 14: External Chain Ingestion
[23:37:12] [INFO] ======================================================================
[23:37:30] [INFO] API files discovered: 5
[23:37:30] [INFO] Files ingested (<= 30 MB): 4
[23:37:30] [INFO] Direct chain coverage for HE0435/WFI2033/DES0408: 2/3
[23:37:30] [INFO]   HE0435: YES
[23:37:30] [INFO]   WFI2033: YES
[23:37:30] [INFO]   DES0408: NO
[23:37:30] [INFO] Coverage with DES0408 equivalent literature bridge: 3/3
[23:37:32] [INFO] Figure saved to /Users/matthewsmawfield/www/Temporal Equivalence Principle/TEP-LENS/results/figures/step_14_external_coverage.png
[23:37:32] [INFO] Results saved to /Users/matthewsmawfield/www/Temporal Equivalence Principle/TEP-LENS/results/outputs/step_14_external_chain_ingestion.json
[23:37:32] [INFO] Step 14 complete.

======================================================================
RUNNING: step_15_external_informed_inflation.py
LOG: /Users/matthewsmawfield/www/Temporal Equivalence Principle/TEP-LENS/logs/step_15_external_informed_inflation.log
======================================================================


[23:37:34] [INFO] ======================================================================
[23:37:34] [INFO] STEP 15: External-Informed Inflation
[23:37:34] [INFO] ======================================================================
[23:37:34] [INFO] External chain CV prior (from step_14): kappa16=0.085, kappa50=0.111, kappa84=0.140
[23:37:34] [INFO] kappa50 scenario: z=1.25, p_z=0.105, Δχ²=+1.57
[23:37:36] [INFO] Figure saved to /Users/matthewsmawfield/www/Temporal Equivalence Principle/TEP-LENS/results/figures/step_15_external_inflation.png
[23:37:36] [INFO] Results saved to /Users/matthewsmawfield/www/Temporal Equivalence Principle/TEP-LENS/results/outputs/step_15_external_inflation.json
[23:37:36] [INFO] Step 15 complete.

======================================================================
RUNNING: step_16_independence_tier_significance.py
LOG: /Users/matthewsmawfield/www/Temporal Equivalence Principle/TEP-LENS/logs/step_16_independence_tier_significance.log
======================================================================


[23:37:38] [INFO] ======================================================================
[23:37:38] [INFO] STEP 16: Independence-Tier Significance
[23:37:38] [INFO] ======================================================================
[23:37:38] [INFO] Individual Correlated Tests (SN Refsdal SX):
[23:37:38] [INFO]   Wilcoxon signed-rank (blind): z=2.15, p=0.0156 (Independence primary)
[23:37:38] [INFO]   Exact permutation (blind):    z=1.87, p=0.0310 (Correlation-aware primary)
[23:37:38] [INFO]   Block-bootstrap (blind):    z=2.29, p=0.0109 [0.007, 0.017] (Sensitivity)
[23:37:38] [INFO]   Pearson delay-mu:             z=2.31, p=0.0106
[23:37:38] [INFO]   Ext-informed w-mean:          z=1.25, p=0.1049
[23:37:38] [INFO]   Alpha vs zero:              z=0.96, p=0.1696
[23:37:38] [INFO] 
NOTE: These tests are fundamentally correlated. Combining them
[23:37:38] [INFO] via Fisher/Stouffer is invalid. The conservative significance
[23:37:38] [INFO] is the strongest robust single test: z=1.87 (Exact permutation).
[23:37:38] [INFO] Figure saved to /Users/matthewsmawfield/www/Temporal Equivalence Principle/TEP-LENS/results/figures/step_16_tier_significance.png
[23:37:38] [INFO] Results saved to /Users/matthewsmawfield/www/Temporal Equivalence Principle/TEP-LENS/results/outputs/step_16_tier_significance.json
[23:37:38] [INFO] Step 16 complete.

======================================================================
RUNNING: step_17_directional_odds.py
LOG: /Users/matthewsmawfield/www/Temporal Equivalence Principle/TEP-LENS/logs/step_17_directional_odds.log
======================================================================


[23:37:39] [INFO] ======================================================================
[23:37:39] [INFO] STEP 17: Directional Odds Expansion
[23:37:39] [INFO] ======================================================================
[23:37:39] [INFO] All-model nonzero sign set: k=7/7, p=0.0078, BF10=31.88
[23:37:39] [INFO] Blind-only nonzero sign set: k=6/6, p=0.0156, BF10=18.14
[23:37:39] [INFO] Method-family collapsed sign set: k=5/5, p=0.0312, BF10=10.50
[23:37:39] [INFO] Figure saved to /Users/matthewsmawfield/www/Temporal Equivalence Principle/TEP-LENS/results/figures/step_17_directional_odds.png
[23:37:39] [INFO] Results saved to /Users/matthewsmawfield/www/Temporal Equivalence Principle/TEP-LENS/results/outputs/step_17_directional_odds.json
[23:37:39] [INFO] Step 17 complete.

======================================================================
RUNNING: step_18_external_dataset_registry.py
LOG: /Users/matthewsmawfield/www/Temporal Equivalence Principle/TEP-LENS/logs/step_18_external_dataset_registry.log
======================================================================


[23:37:40] [INFO] ======================================================================
[23:37:40] [INFO] STEP 18: External Dataset Registry
[23:37:40] [INFO] ======================================================================
[23:37:40] [INFO] Results saved to /Users/matthewsmawfield/www/Temporal Equivalence Principle/TEP-LENS/results/outputs/step_18_external_dataset_registry.json
[23:37:40] [INFO] Ready local datasets: 3/3
[23:37:40] [INFO] Step 18 complete.

======================================================================
RUNNING: step_19_tdcosmo2025_ingestion.py
LOG: /Users/matthewsmawfield/www/Temporal Equivalence Principle/TEP-LENS/logs/step_19_tdcosmo2025_ingestion.log
======================================================================


[23:37:40] [INFO] ======================================================================
[23:37:40] [INFO] STEP 19: TDCOSMO2025 Standalone Ingestion
[23:37:40] [INFO] ======================================================================
[23:37:40] [INFO] Results saved to /Users/matthewsmawfield/www/Temporal Equivalence Principle/TEP-LENS/results/outputs/step_19_tdcosmo2025_ingestion.json
[23:37:40] [INFO] Local files: 60 | Posterior-like: 22 | Lens coverage: 7/7
[23:37:40] [INFO] Step 19 complete.

======================================================================
RUNNING: step_30_cosmograil_temporal_shear.py
LOG: /Users/matthewsmawfield/www/Temporal Equivalence Principle/TEP-LENS/logs/step_30_cosmograil_temporal_shear.log
======================================================================

[23:37:41] [PROCESS] Checking COSMOGRAIL data availability...
[23:37:41] [SUCCESS] ✓ All required COSMOGRAIL data present (8 RDB files)
[23:37:41] [PROCESS] Found 8 RDB + 13 multi-band CSV light curve files
[23:37:41] [PROCESS] Processing DESJ0408_Courbin2017.rdb
[23:37:41] [PROCESS]   System DESJ0408: 3 images, [('A', 'B'), ('A', 'D'), ('B', 'D')] pairs
[23:37:41] [PROCESS]   Analyzing pair A-B
[23:37:41] [PROCESS]   Analyzing pair A-D
[23:37:41] [PROCESS]   Analyzing pair B-D
[23:37:41] [PROCESS]   Running 100 bootstrap iterations...
  Running 100 bootstrap iterations using 14 cores...
[23:37:48] [PROCESS] Processing HE0435_Bonvin2016.rdb
[23:37:48] [PROCESS]   System HE0435: 4 images, [('A', 'B'), ('A', 'C'), ('A', 'D'), ('B', 'C'), ('B', 'D'), ('C', 'D')] pairs
[23:37:48] [PROCESS]   Analyzing pair A-B
[23:37:49] [PROCESS]   Analyzing pair A-C
[23:37:49] [PROCESS]   Analyzing pair A-D
[23:37:49] [PROCESS]   Analyzing pair B-C
[23:37:49] [PROCESS]   Analyzing pair B-D
[23:37:50] [PROCESS]   Analyzing pair C-D
[23:37:50] [PROCESS]   Running 100 bootstrap iterations...
  Running 13 jackknife iterations using 13 cores...
  Running 100 bootstrap iterations using 14 cores...
[23:38:21] [PROCESS] Processing HS2209_Eulaers2013.rdb
[23:38:21] [PROCESS]   System HS2209: 2 images, [('A', 'B')] pairs
[23:38:21] [PROCESS]   Analyzing pair A-B
[23:38:21] [PROCESS]   Running 100 bootstrap iterations...
  Running 19 jackknife iterations using 14 cores...
  Running 100 bootstrap iterations using 14 cores...
[23:38:25] [PROCESS] Processing J1001_Rathnakumar2013.rdb
[23:38:25] [PROCESS]   System J1001: 2 images, [('A', 'B')] pairs
[23:38:25] [PROCESS]   Analyzing pair A-B
[23:38:25] [PROCESS]   Running 100 bootstrap iterations...
  Running 9 jackknife iterations using 9 cores...
  Running 100 bootstrap iterations using 14 cores...
[23:38:35] [PROCESS] Processing J1206_Eulaers2013.rdb
[23:38:35] [PROCESS]   System J1206: 2 images, [('A', 'B')] pairs
[23:38:35] [PROCESS]   Analyzing pair A-B
[23:38:35] [PROCESS]   Running 100 bootstrap iterations...
  Running 10 jackknife iterations using 10 cores...
  Running 100 bootstrap iterations using 14 cores...
[23:38:39] [PROCESS] Processing PG1115_Bonvin2018.rdb
[23:38:39] [PROCESS]   System PG1115: 3 images, [('A', 'B'), ('A', 'C'), ('B', 'C')] pairs
[23:38:39] [PROCESS]   Analyzing pair A-B
[23:38:40] [PROCESS]   Analyzing pair A-C
[23:38:40] [PROCESS]   Analyzing pair B-C
[23:38:40] [PROCESS]   Running 100 bootstrap iterations...
  Running 100 bootstrap iterations using 14 cores...
[23:38:42] [PROCESS] Processing RXJ1131_Tewes2013.rdb
[23:38:42] [PROCESS]   System RXJ1131: 4 images, [('A', 'B'), ('A', 'C'), ('A', 'D'), ('B', 'C'), ('B', 'D'), ('C', 'D')] pairs
[23:38:42] [PROCESS]   Analyzing pair A-B
[23:38:42] [PROCESS]   Analyzing pair A-C
[23:38:42] [PROCESS]   Analyzing pair A-D
[23:38:43] [PROCESS]   Analyzing pair B-C
[23:38:43] [PROCESS]   Analyzing pair B-D
[23:38:43] [PROCESS]   Analyzing pair C-D
[23:38:44] [PROCESS]   Running 100 bootstrap iterations...
  Running 9 jackknife iterations using 9 cores...
  Running 100 bootstrap iterations using 14 cores...
[23:39:07] [PROCESS] Processing WFI2033_Bonvin2019.rdb
[23:39:07] [PROCESS]   System WFI2033: 3 images, [('A', 'B'), ('A', 'C'), ('B', 'C')] pairs
[23:39:07] [PROCESS]   Analyzing pair A-B
[23:39:08] [PROCESS]   Analyzing pair A-C
[23:39:08] [PROCESS]   Analyzing pair B-C
[23:39:08] [PROCESS]   Running 100 bootstrap iterations...
  Running 16 jackknife iterations using 14 cores...
  Running 100 bootstrap iterations using 14 cores...
[23:39:30] [PROCESS] Processing he0435_JAA703A250_R.csv
[23:39:30] [PROCESS]   System HE0435_R: 4 images, [('A', 'B'), ('A', 'C'), ('A', 'D'), ('B', 'C'), ('B', 'D'), ('C', 'D')] pairs
[23:39:30] [PROCESS]   Analyzing pair A-B
[23:39:30] [PROCESS]   Analyzing pair A-C
[23:39:31] [PROCESS]   Analyzing pair A-D
[23:39:31] [PROCESS]   Analyzing pair B-C
[23:39:31] [PROCESS]   Analyzing pair B-D
[23:39:31] [PROCESS]   Analyzing pair C-D
[23:39:31] [PROCESS]   Running 100 bootstrap iterations...
  Running 20 jackknife iterations using 14 cores...
  Running 100 bootstrap iterations using 14 cores...
[23:39:50] [PROCESS] Processing he0435_JAA703A250_V.csv
[23:39:50] [PROCESS]   System HE0435_V: 4 images, [('A', 'B'), ('A', 'C'), ('A', 'D'), ('B', 'C'), ('B', 'D'), ('C', 'D')] pairs
[23:39:50] [PROCESS]   Analyzing pair A-B
[23:39:50] [PROCESS]   Analyzing pair A-C
[23:39:50] [PROCESS]   Analyzing pair A-D
[23:39:50] [PROCESS]   Analyzing pair B-C
[23:39:51] [PROCESS]   Analyzing pair B-D
[23:39:51] [PROCESS]   Analyzing pair C-D
[23:39:51] [PROCESS]   Running 100 bootstrap iterations...
  Running 24 jackknife iterations using 14 cores...
  Running 100 bootstrap iterations using 14 cores...
[23:40:15] [PROCESS] Processing he1104_JApJ798_95_B.csv
[23:40:15] [PROCESS]   System HE1104_B: 2 images, [('A', 'B')] pairs
[23:40:15] [PROCESS]   Analyzing pair A-B
[23:40:15] [PROCESS]   Running 100 bootstrap iterations...
  Running 20 jackknife iterations using 14 cores...
  Running 100 bootstrap iterations using 14 cores...
[23:40:19] [PROCESS] Processing he1104_JApJ798_95_I.csv
[23:40:19] [PROCESS]   System HE1104_I: 2 images, [('A', 'B')] pairs
[23:40:19] [PROCESS]   Analyzing pair A-B
[23:40:20] [PROCESS]   Running 100 bootstrap iterations...
  Running 13 jackknife iterations using 13 cores...
  Running 100 bootstrap iterations using 14 cores...
[23:40:29] [PROCESS] Processing he1104_JApJ798_95_J.csv
[23:40:29] [PROCESS]   System HE1104_J: 2 images, [('A', 'B')] pairs
[23:40:29] [PROCESS]   Analyzing pair A-B
[23:40:29] [PROCESS]   Running 100 bootstrap iterations...
  Running 15 jackknife iterations using 14 cores...
  Running 100 bootstrap iterations using 14 cores...
[23:40:32] [PROCESS] Processing he1104_JApJ798_95_R.csv
[23:40:33] [PROCESS]   System HE1104_R: 2 images, [('A', 'B')] pairs
[23:40:33] [PROCESS]   Analyzing pair A-B
[23:40:33] [PROCESS]   Running 100 bootstrap iterations...
  Running 11 jackknife iterations using 11 cores...
  Running 100 bootstrap iterations using 14 cores...
[23:40:46] [PROCESS] Processing q2237_JAA637A89_I.csv
[23:40:46] [PROCESS]   System Q2237_I: 4 images, [('A', 'B'), ('A', 'C'), ('A', 'D'), ('B', 'C'), ('B', 'D'), ('C', 'D')] pairs
[23:40:46] [PROCESS]   Analyzing pair A-B
[23:40:47] [PROCESS]   Analyzing pair A-C
[23:40:47] [PROCESS]   Analyzing pair A-D
[23:40:47] [PROCESS]   Analyzing pair B-C
[23:40:47] [PROCESS]   Analyzing pair B-D
[23:40:47] [PROCESS]   Analyzing pair C-D
[23:40:47] [PROCESS]   Running 100 bootstrap iterations...
  Running 18 jackknife iterations using 14 cores...
  Running 100 bootstrap iterations using 14 cores...
[23:41:09] [PROCESS] Processing q2237_JAA637A89_V.csv
[23:41:09] [PROCESS]   System Q2237_V: 4 images, [('A', 'B'), ('A', 'C'), ('A', 'D'), ('B', 'C'), ('B', 'D'), ('C', 'D')] pairs
[23:41:09] [PROCESS]   Analyzing pair A-B
[23:41:09] [PROCESS]   Analyzing pair A-C
[23:41:09] [PROCESS]   Analyzing pair A-D
[23:41:09] [PROCESS]   Analyzing pair B-C
[23:41:10] [PROCESS]   Analyzing pair B-D
[23:41:10] [PROCESS]   Analyzing pair C-D
[23:41:10] [PROCESS]   Running 100 bootstrap iterations...
  Running 17 jackknife iterations using 14 cores...
  Running 100 bootstrap iterations using 14 cores...
[23:41:35] [PROCESS] Processing q2237_JAA637A89_g.csv
[23:41:35] [PROCESS]   System Q2237_G: 4 images, [('A', 'B'), ('A', 'C'), ('A', 'D'), ('B', 'C'), ('B', 'D'), ('C', 'D')] pairs
[23:41:35] [PROCESS]   Analyzing pair A-B
[23:41:35] [PROCESS]   Analyzing pair A-C
[23:41:35] [PROCESS]   Analyzing pair A-D
[23:41:36] [PROCESS]   Analyzing pair B-C
[23:41:36] [PROCESS]   Analyzing pair B-D
[23:41:36] [PROCESS]   Analyzing pair C-D
[23:41:36] [PROCESS]   Running 100 bootstrap iterations...
  Running 12 jackknife iterations using 12 cores...
  Running 100 bootstrap iterations using 14 cores...
[23:42:05] [PROCESS] Processing q2237_JAA637A89_r.csv
[23:42:05] [PROCESS]   System Q2237_R: 4 images, [('A', 'B'), ('A', 'C'), ('A', 'D'), ('B', 'C'), ('B', 'D'), ('C', 'D')] pairs
[23:42:06] [PROCESS]   Analyzing pair A-B
[23:42:06] [PROCESS]   Analyzing pair A-C
[23:42:06] [PROCESS]   Analyzing pair A-D
[23:42:06] [PROCESS]   Analyzing pair B-C
[23:42:07] [PROCESS]   Analyzing pair B-D
[23:42:07] [PROCESS]   Analyzing pair C-D
[23:42:07] [PROCESS]   Running 100 bootstrap iterations...
  Running 15 jackknife iterations using 14 cores...
  Running 100 bootstrap iterations using 14 cores...
[23:42:35] [PROCESS] Processing q2237_vakulik_JAA420_447_I.csv
[23:42:36] [PROCESS]   System Q2237_I: 4 images, [('A', 'B'), ('A', 'C'), ('A', 'D'), ('B', 'C'), ('B', 'D'), ('C', 'D')] pairs
[23:42:36] [PROCESS]   Analyzing pair A-B
[23:42:36] [PROCESS]   Analyzing pair A-C
[23:42:36] [PROCESS]   Analyzing pair A-D
[23:42:36] [PROCESS]   Analyzing pair B-C
[23:42:36] [PROCESS]   Analyzing pair B-D
[23:42:36] [PROCESS]   Analyzing pair C-D
[23:42:36] [PROCESS]   Running 100 bootstrap iterations...
  Running 6 jackknife iterations using 6 cores...
  Running 100 bootstrap iterations using 14 cores...
[23:42:51] [PROCESS] Processing q2237_vakulik_JAA420_447_R.csv
[23:42:51] [PROCESS]   System Q2237_R: 4 images, [('A', 'B'), ('A', 'C'), ('A', 'D'), ('B', 'C'), ('B', 'D'), ('C', 'D')] pairs
[23:42:51] [PROCESS]   Analyzing pair A-B
[23:42:51] [PROCESS]   Analyzing pair A-C
[23:42:51] [PROCESS]   Analyzing pair A-D
[23:42:51] [PROCESS]   Analyzing pair B-C
[23:42:51] [PROCESS]   Analyzing pair B-D
[23:42:51] [PROCESS]   Analyzing pair C-D
[23:42:51] [PROCESS]   Running 100 bootstrap iterations...
  Running 6 jackknife iterations using 6 cores...
  Running 100 bootstrap iterations using 14 cores...
[23:43:04] [PROCESS] Processing q2237_vakulik_JAA420_447_V.csv
[23:43:04] [PROCESS]   System Q2237_V: 4 images, [('A', 'B'), ('A', 'C'), ('A', 'D'), ('B', 'C'), ('B', 'D'), ('C', 'D')] pairs
[23:43:04] [PROCESS]   Analyzing pair A-B
[23:43:04] [PROCESS]   Analyzing pair A-C
[23:43:04] [PROCESS]   Analyzing pair A-D
[23:43:04] [PROCESS]   Analyzing pair B-C
[23:43:04] [PROCESS]   Analyzing pair B-D
[23:43:05] [PROCESS]   Analyzing pair C-D
[23:43:05] [PROCESS]   Running 100 bootstrap iterations...
  Running 6 jackknife iterations using 6 cores...
  Running 100 bootstrap iterations using 14 cores...
[23:43:20] [SUCCESS] Saved results: results/outputs/step_30_cosmograil_temporal_shear.json

============================================================
COSMOGRAIL TEMPORAL SHEAR ANALYSIS SUMMARY
============================================================
Systems analyzed: 18
Image pairs analyzed: 82
Valid Γ measurements: 55

Γ (temporal shear slope) statistics:
  Mean:   -3.766 days/decade
  Median: 0.000 days/decade
  Std:    36.920 days/decade

Significance:
  >2σ (raw): 0 pairs
  >3σ (raw): 0 pairs
  >2σ (practical cuts): 0 pairs
  >3σ (practical cuts): 0 pairs

Interpretation: NULL: No significant temporal shear detected. Consistent with GR (single constant delay).
============================================================
[23:43:20] [SUCCESS] Step 30 complete

======================================================================
RUNNING: step_31_cosmograil_validation.py
LOG: /Users/matthewsmawfield/www/Temporal Equivalence Principle/TEP-LENS/logs/step_31_cosmograil_validation.log
======================================================================

======================================================================
COSMOGRAIL TEMPORAL SHEAR VALIDATION SUITE
======================================================================

Loaded 48 image pairs from 18 systems

======================================================================
1. MULTI-BAND ANALYSIS (Achromaticity Test)
======================================================================

LIMITATION (PRIMARY SYSTEMS): The highest-significance detection systems in this work
(DESJ0408, PG1115, J1206) are currently supported by single-band monitoring in the
public COSMOGRAIL releases.

WHAT ACHROMATICITY WOULD TEST:
- TEP-GL predicts Γ should be ACHROMATIC (same in all optical bands)
- Microlensing would produce CHROMATIC effects (different Γ per band)

AVAILABLE PARTIAL TEST:
We can test the estimator on public multi-band, image-resolved monitoring in other
lensed quasars, and measure ΔΓ between bands for matched image pairs.


Result: PARTIAL
Primary systems: Single-band monitoring only (COSMOGRAIL public releases)
Multi-band auxiliary checks available: 9 matched system/pair tests.
  HE0435:B-C: bands=R,V, ΔΓ=83.65, p_consistency=0.625
  HE0435:C-D: bands=R,V, ΔΓ=128.32, p_consistency=0.687
  Q2237:A-B: bands=I,V,G, ΔΓ=61.14, p_consistency=0.787
  HE1104:A-B: bands=B,I,J, ΔΓ=66.44, p_consistency=0.851
  HE0435:A-C: bands=R,V, ΔΓ=30.42, p_consistency=0.905

======================================================================
2. GEOMETRIC CORRELATION ANALYSIS
======================================================================

Correlation of |Γ| with geometric parameters:
------------------------------------------------------------
Parameter                   r      p-value Interpretation      
------------------------------------------------------------
Einstein Radius        -0.468       0.0374 SIGNIFICANT         
Image Separation       -0.490       0.0283 SIGNIFICANT         
Lens Ellipticity       -0.153       0.5189 NULL                
Lens Redshift           0.604       0.0048 SIGNIFICANT         
Source Redshift         0.665       0.0014 SIGNIFICANT         

------------------------------------------------------------
Comparison: Systems with detections vs null systems
------------------------------------------------------------
einstein_radius_arcsec   : Sig=1.11, Null=1.23, p=0.585 → SIMILAR
image_separation_arcsec  : Sig=2.24, Null=2.55, p=0.516 → SIMILAR
lens_ellipticity         : Sig=0.16, Null=0.15, p=0.919 → SIMILAR
z_lens                   : Sig=0.55, Null=0.42, p=0.358 → SIMILAR
z_source                 : Sig=1.96, Null=1.38, p=0.135 → SIMILAR

======================================================================
3. INJECTION-RECOVERY ANALYSIS
======================================================================

Running 30 trials for each of 5 true delays...

------------------------------------------------------------
  True Delay    Recovered       Bias    Scatter      N
------------------------------------------------------------
        -100       -101.4       -1.4        2.1     30
         -50        -50.4       -0.4        0.8     30
           0          0.0        0.0        0.0     30
          50         50.3        0.3        1.1     30
         100        103.0        3.0        3.7     30
------------------------------------------------------------
     AVERAGE            -        0.3        1.5

------------------------------------------------------------
INTERPRETATION:
  Bias: 0.3 days → UNBIASED (|bias| < 5 days)
  Scatter: 1.5 days → PRECISE (σ < 20 days)

======================================================================
4. ROBUSTNESS AND SUMMARY STATISTICS
======================================================================

4.1 Detection Statistics
----------------------------------------
Total pairs: 48
Significant (>3σ): 0 (0.0%)
Null (<1σ): 44 (91.7%)

4.2 Sign Consistency Within Systems
----------------------------------------

4.3 Fit Quality (R²)
----------------------------------------
Significant detections: No significant pairs (R² = N/A)
Null detections: R² = -19.49 ± 85.31

4.4 Combined Significance
----------------------------------------

  Conservative Fisher (Independent systems only):

4.5 Bootstrap Stability
----------------------------------------

======================================================================
5. SCRAMBLED RESIDUALS TEST (Time-Reversal)
======================================================================
Loading data from DESJ0408_Courbin2017.rdb...
System DESJ0408: 3 images
[23:43:39] [PROCESS]   Analyzing pair A-B
[23:43:39] [PROCESS]   Analyzing pair A-D
[23:43:39] [PROCESS]   Analyzing pair B-D
  Running 200 bootstrap iterations using 14 cores...
[23:43:54] [PROCESS]   Analyzing pair A-B
[23:43:54] [PROCESS]   Analyzing pair A-D
[23:43:54] [PROCESS]   Analyzing pair B-D
  Running 200 bootstrap iterations using 14 cores...
[23:44:06] [PROCESS]   Analyzing pair A-B
[23:44:06] [PROCESS]   Analyzing pair A-D
[23:44:07] [PROCESS]   Analyzing pair B-D
  Running 200 bootstrap iterations using 14 cores...
Best pair: A-B
Original Gamma: -29.9 (σ=18.6, z=1.61, n_boot=200)

Analyzing TIME-REVERSED data (A-B)...
[23:44:21] [PROCESS]   Analyzing pair A-B
  Running 200 bootstrap iterations using 14 cores...
Time-reversed Gamma: 17.1 (σ=10.6, z=1.62, n_boot=200)

Signal Reduction (z): -0.7%
Test Status: PASSED
  Gamma sign flipped: -29.9 → +17.1
  Interpretation: Signal is time-directional (consistent with TEP prediction).
[23:44:24] [PROCESS]   Analyzing pair A-B
[23:44:24] [PROCESS]   Analyzing pair A-D
[23:44:25] [PROCESS]   Analyzing pair B-D
  Running 200 bootstrap iterations using 14 cores...
[23:44:40] [PROCESS]   Analyzing pair A-B
[23:44:40] [PROCESS]   Analyzing pair A-D
[23:44:40] [PROCESS]   Analyzing pair B-D
  Running 200 bootstrap iterations using 14 cores...
[23:44:57] [PROCESS]   Analyzing pair A-B
[23:44:57] [PROCESS]   Analyzing pair A-D
[23:44:57] [PROCESS]   Analyzing pair B-D
  Running 200 bootstrap iterations using 14 cores...
[23:45:17] [PROCESS]   Analyzing pair A-B
[23:45:17] [PROCESS]   Analyzing pair A-D
[23:45:17] [PROCESS]   Analyzing pair B-D
  Running 200 bootstrap iterations using 14 cores...
[23:45:34] [PROCESS]   Analyzing pair A-B
  Running 200 bootstrap iterations using 14 cores...

Season Shuffle Test:
  Original: γ = -29.94, z = 1.61σ
  Shuffled: γ = -42.57, z = 2.35σ
  Status: EXPLORATORY
  Interpretation: Single-shuffle draw strengthened the signal, but one draw is not inferential; use the empirical null distribution before claiming suppression.

======================================================================
6. EMPIRICAL SEASON SHUFFLE NULL
======================================================================
[23:45:38] [PROCESS]   Analyzing pair A-B
[23:45:39] [PROCESS]   Analyzing pair A-D
[23:45:39] [PROCESS]   Analyzing pair B-D
  Running 200 bootstrap iterations using 14 cores...
  Empirical shuffle 1/50 for A-B...
[23:45:53] [PROCESS]   Analyzing pair A-B
  Running 200 bootstrap iterations using 14 cores...
[23:45:57] [PROCESS]   Analyzing pair A-B
  Running 200 bootstrap iterations using 14 cores...
[23:46:01] [PROCESS]   Analyzing pair A-B
  Running 200 bootstrap iterations using 14 cores...
[23:46:05] [PROCESS]   Analyzing pair A-B
  Running 200 bootstrap iterations using 14 cores...
  Empirical shuffle 5/50 for A-B...
[23:46:07] [PROCESS]   Analyzing pair A-B
  Running 200 bootstrap iterations using 14 cores...
[23:46:12] [PROCESS]   Analyzing pair A-B
  Running 200 bootstrap iterations using 14 cores...
[23:46:16] [PROCESS]   Analyzing pair A-B
  Running 200 bootstrap iterations using 14 cores...
[23:46:22] [PROCESS]   Analyzing pair A-B
  Running 200 bootstrap iterations using 14 cores...
[23:46:24] [PROCESS]   Analyzing pair A-B
  Running 200 bootstrap iterations using 14 cores...
  Empirical shuffle 10/50 for A-B...
[23:46:27] [PROCESS]   Analyzing pair A-B
  Running 200 bootstrap iterations using 14 cores...
[23:46:30] [PROCESS]   Analyzing pair A-B
  Running 200 bootstrap iterations using 14 cores...
[23:46:34] [PROCESS]   Analyzing pair A-B
  Running 200 bootstrap iterations using 14 cores...
[23:46:39] [PROCESS]   Analyzing pair A-B
  Running 200 bootstrap iterations using 14 cores...
[23:46:41] [PROCESS]   Analyzing pair A-B
  Running 200 bootstrap iterations using 14 cores...
  Empirical shuffle 15/50 for A-B...
[23:46:46] [PROCESS]   Analyzing pair A-B
  Running 200 bootstrap iterations using 14 cores...
[23:46:50] [PROCESS]   Analyzing pair A-B
  Running 200 bootstrap iterations using 14 cores...
[23:46:54] [PROCESS]   Analyzing pair A-B
  Running 200 bootstrap iterations using 14 cores...
[23:46:59] [PROCESS]   Analyzing pair A-B
  Running 200 bootstrap iterations using 14 cores...
[23:47:03] [PROCESS]   Analyzing pair A-B
  Running 200 bootstrap iterations using 14 cores...
  Empirical shuffle 20/50 for A-B...
[23:47:08] [PROCESS]   Analyzing pair A-B
  Running 200 bootstrap iterations using 14 cores...
[23:47:12] [PROCESS]   Analyzing pair A-B
  Running 200 bootstrap iterations using 14 cores...
[23:47:17] [PROCESS]   Analyzing pair A-B
  Running 200 bootstrap iterations using 14 cores...
[23:47:21] [PROCESS]   Analyzing pair A-B
  Running 200 bootstrap iterations using 14 cores...
[23:47:24] [PROCESS]   Analyzing pair A-B
  Running 200 bootstrap iterations using 14 cores...
  Empirical shuffle 25/50 for A-B...
[23:47:28] [PROCESS]   Analyzing pair A-B
  Running 200 bootstrap iterations using 14 cores...
[23:47:33] [PROCESS]   Analyzing pair A-B
  Running 200 bootstrap iterations using 14 cores...
[23:47:39] [PROCESS]   Analyzing pair A-B
  Running 200 bootstrap iterations using 14 cores...
[23:47:43] [PROCESS]   Analyzing pair A-B
  Running 200 bootstrap iterations using 14 cores...
[23:47:47] [PROCESS]   Analyzing pair A-B
  Running 200 bootstrap iterations using 14 cores...
  Empirical shuffle 30/50 for A-B...
[23:47:52] [PROCESS]   Analyzing pair A-B
  Running 200 bootstrap iterations using 14 cores...
[23:47:55] [PROCESS]   Analyzing pair A-B
  Running 200 bootstrap iterations using 14 cores...
[23:47:58] [PROCESS]   Analyzing pair A-B
  Running 200 bootstrap iterations using 14 cores...
[23:48:01] [PROCESS]   Analyzing pair A-B
  Running 200 bootstrap iterations using 14 cores...
[23:48:05] [PROCESS]   Analyzing pair A-B
  Running 200 bootstrap iterations using 14 cores...
  Empirical shuffle 35/50 for A-B...
[23:48:07] [PROCESS]   Analyzing pair A-B
  Running 200 bootstrap iterations using 14 cores...
[23:48:10] [PROCESS]   Analyzing pair A-B
  Running 200 bootstrap iterations using 14 cores...
[23:48:14] [PROCESS]   Analyzing pair A-B
  Running 200 bootstrap iterations using 14 cores...
[23:48:18] [PROCESS]   Analyzing pair A-B
  Running 200 bootstrap iterations using 14 cores...
[23:48:22] [PROCESS]   Analyzing pair A-B
  Running 200 bootstrap iterations using 14 cores...
  Empirical shuffle 40/50 for A-B...
[23:48:25] [PROCESS]   Analyzing pair A-B
  Running 200 bootstrap iterations using 14 cores...
[23:48:29] [PROCESS]   Analyzing pair A-B
  Running 200 bootstrap iterations using 14 cores...
[23:48:34] [PROCESS]   Analyzing pair A-B
  Running 200 bootstrap iterations using 14 cores...
[23:48:36] [PROCESS]   Analyzing pair A-B
  Running 200 bootstrap iterations using 14 cores...
[23:48:39] [PROCESS]   Analyzing pair A-B
  Running 200 bootstrap iterations using 14 cores...
  Empirical shuffle 45/50 for A-B...
[23:48:43] [PROCESS]   Analyzing pair A-B
  Running 200 bootstrap iterations using 14 cores...
[23:48:46] [PROCESS]   Analyzing pair A-B
  Running 200 bootstrap iterations using 14 cores...
[23:48:50] [PROCESS]   Analyzing pair A-B
  Running 200 bootstrap iterations using 14 cores...
[23:48:53] [PROCESS]   Analyzing pair A-B
  Running 200 bootstrap iterations using 14 cores...
[23:48:57] [PROCESS]   Analyzing pair A-B
  Running 200 bootstrap iterations using 14 cores...
  Empirical shuffle 50/50 for A-B...
[23:48:58] [PROCESS]   Analyzing pair A-B
  Running 200 bootstrap iterations using 14 cores...

======================================================================
6. MICROLENSING INJECTION TEST
======================================================================
Creating Synthetic Null Pair from Image A...
[23:49:01] [PROCESS]   Analyzing pair A-B
Baseline Null Gamma: 0.0 (Should be ~0)

Injecting Microlensing (Amp=0.3 mag, Period=2000d)...
[23:49:01] [PROCESS]   Analyzing pair A-B
Microlensed Gamma: 17.5 (σ=3.1)

Comparison:
Observed Gamma (Real Data DESJ0408 A-B): -90.7
Simulated Microlensing Gamma: 17.5
Test Status: PASSED (Standard ML does not reproduce large negative shear)

======================================================================
Results saved to: /Users/matthewsmawfield/www/Temporal Equivalence Principle/TEP-LENS/results/outputs/step_31_cosmograil_validation.json
======================================================================

======================================================================
VALIDATION SUMMARY
======================================================================
1. ACHROMATICITY: written to JSON
2. GEOMETRIC CORRELATIONS: written to JSON
3. INJECTION-RECOVERY: written to JSON
4. ROBUSTNESS: written to JSON
5. SCRAMBLED RESIDUALS: written to JSON
6. SEASON SHUFFLE NULL: written to JSON
7. EMPIRICAL SEASON SHUFFLE NULL: written to JSON
8. MICROLENSING INJECTION: written to JSON

======================================================================
RUNNING: step_32_kappa_proxy_validation.py
LOG: /Users/matthewsmawfield/www/Temporal Equivalence Principle/TEP-LENS/logs/step_32_kappa_proxy_validation.log
======================================================================


[23:49:18] [INFO] ======================================================================
[23:49:18] [INFO] STEP 32: Kappa Proxy Validation
[23:49:18] [INFO] ======================================================================
[23:49:18] [INFO] Running SN Refsdal shear-degeneracy sensitivity envelope (20,000 draws)...
[23:49:20] [INFO] SN Refsdal kappa inference (median, p16-p84):
[23:49:20] [INFO]   S1: kappa = 0.093 [0.000, 0.267]
[23:49:20] [INFO]   S2: kappa = 0.029 [0.000, 0.206]
[23:49:20] [INFO]   S3: kappa = 0.010 [0.000, 0.151]
[23:49:20] [INFO]   S4: kappa = 0.181 [0.001, 0.348]
[23:49:20] [INFO]   SX: kappa = 0.010 [0.010, 0.057]
[23:49:20] [INFO] Closure residual (mu proxy, nominal): -14.538 d
[23:49:20] [INFO] Closure residual (kappa inferred): -17.628 [-29.496, 22.700] d
[23:49:20] [INFO] Equivalent alpha (to match same observed residual): -0.0320 [-0.0678, 0.0090]
[23:49:20] [INFO] Rank-order agreement P(mu_rank == kappa_rank) = 0.034
[23:49:20] [INFO] S4-SX contrast sign agreement P = 0.797
[23:49:20] [INFO] Running TDCOSMO theoretical mu-kappa comparison (spherical)...
[23:49:20] [INFO]   RXJ1131-1231: mu diverges (kappa >= 0.5 at Einstein radius)
[23:49:20] [INFO]   HE0435-1223: mu diverges (kappa >= 0.5 at Einstein radius)
[23:49:20] [INFO]   PG1115+080: delta_log_mu=-0.287, delta_log_kappa=-0.093, ratio=3.10
[23:49:20] [INFO]   DES0408-5354: mu diverges (kappa >= 0.5 at Einstein radius)
[23:49:20] [INFO]   SDSS1206+4332: mu diverges (kappa >= 0.5 at Einstein radius)
[23:49:20] [INFO]   WFI2033-4723: mu diverges (kappa >= 0.5 at Einstein radius)
[23:49:20] [INFO] Running TDCOSMO elliptical SIE + external shear comparison...
[23:49:20] [INFO]   RXJ1131-1231: mu diverges in elliptical model
[23:49:20] [INFO]   HE0435-1223: mu diverges in elliptical model
[23:49:20] [INFO]   PG1115+080: elliptical ratio=3.15, spherical ratio=3.10, amplification factor=1.02
[23:49:20] [INFO]   DES0408-5354: mu diverges in elliptical model
[23:49:20] [INFO]   SDSS1206+4332: mu diverges in elliptical model
[23:49:20] [INFO]   WFI2033-4723: mu diverges in elliptical model
[23:49:20] [INFO] Figure saved: /Users/matthewsmawfield/www/Temporal Equivalence Principle/TEP-LENS/results/figures/step_32_kappa_mu_comparison.png
[23:49:20] [INFO] 
Proxy systematic budget:
[23:49:20] [INFO]   Measurement:     5.6 d  (17%)
[23:49:20] [INFO]   Lens-model:      18.4 d  (57%)
[23:49:20] [INFO]   Proxy (mu->kappa): 26.1 d  (80%)
[23:49:20] [INFO]   Microlensing:    2.2 d  (7%)
[23:49:20] [INFO]   Total:           32.5 d
[23:49:20] [INFO] Results saved to /Users/matthewsmawfield/www/Temporal Equivalence Principle/TEP-LENS/results/outputs/step_32_kappa_proxy_validation.json
[23:49:20] [INFO] Step 32 complete.

======================================================================
RUNNING: step_32b_temporal_shear_figure.py
LOG: /Users/matthewsmawfield/www/Temporal Equivalence Principle/TEP-LENS/logs/step_32b_temporal_shear_figure.log
======================================================================

Loading COSMOGRAIL temporal shear results...
Generating figures...
Saved: step_32b_cosmograil_gamma_significance.png / step_32b_cosmograil_gamma_significance.pdf
Saved: step_32b_cosmograil_multiscale_delays.png / step_32b_cosmograil_multiscale_delays.pdf
Saved: step_32b_cosmograil_summary_panel.png / step_32b_cosmograil_summary_panel.pdf
Saved manifest: /Users/matthewsmawfield/www/Temporal Equivalence Principle/TEP-LENS/results/outputs/step_32b_temporal_shear_figures.json

Done!

======================================================================
RUNNING: step_33_einstein_cross_null.py
LOG: /Users/matthewsmawfield/www/Temporal Equivalence Principle/TEP-LENS/logs/step_33_einstein_cross_null.log
======================================================================


[23:49:28] [INFO] ======================================================================
[23:49:28] [INFO] STEP 33: Einstein-Cross Null Test
[23:49:28] [INFO] ======================================================================
[23:49:28] [INFO]   Loop S1-S2-S3: predicted = -0.109 d, noise = 0.0 d, SNR = 3.273
[23:49:28] [INFO]   Loop S1-S2-S4: predicted = +0.278 d, noise = 0.1 d, SNR = 2.516
[23:49:28] [INFO]   Loop S1-S3-S4: predicted = +0.342 d, noise = 0.1 d, SNR = 2.303
[23:49:30] [INFO] 
  Inner-cross-only (S1-S4) correlation tests:
[23:49:30] [INFO]     Spearman rho = -0.400, p (one-sided) = 0.794 (permutation)
[23:49:30] [INFO]     Pearson  r   = -0.404, p (one-sided) = 0.298
[23:49:30] [INFO]     Verdict: No correlation. Inner cross is noise-dominated.
[23:49:30] [INFO]     S2: predicted shift = +0.063 d, noise = 4.0 d, S/N = 0.0158
[23:49:30] [INFO]     S3: predicted shift = +0.103 d, noise = 4.2 d, S/N = 0.0246
[23:49:30] [INFO]     S4: predicted shift = -0.212 d, noise = 6.4 d, S/N = 0.0331
[23:49:30] [INFO] Figure saved: /Users/matthewsmawfield/www/Temporal Equivalence Principle/TEP-LENS/results/figures/step_33_einstein_cross_null.png
[23:49:30] [INFO] Results saved to /Users/matthewsmawfield/www/Temporal Equivalence Principle/TEP-LENS/results/outputs/step_33_einstein_cross_null.json
[23:49:30] [INFO] Step 33 complete.

======================================================================
RUNNING: step_34_agnostic_rank_test.py
LOG: /Users/matthewsmawfield/www/Temporal Equivalence Principle/TEP-LENS/logs/step_34_agnostic_rank_test.log
======================================================================


[23:49:34] [INFO] ======================================================================
[23:49:34] [INFO] STEP 34: Agnostic Rank Test
[23:49:34] [INFO] ======================================================================
[23:49:34] [INFO] Delay vs inferred kappa:
[23:49:34] [INFO]   Spearman rho = -0.154
[23:49:34] [INFO]   Permutation p (one-sided, n=20000) = 0.6333
[23:49:34] [INFO] Delay vs flux-proxy mu:
[23:49:34] [INFO]   Spearman rho = -0.300
[23:49:34] [INFO]   Permutation p (one-sided, n=20000) = 0.7417
[23:49:34] [INFO] Inner cross only (S1-S4) delay vs kappa:
[23:49:34] [INFO]   Spearman rho = 0.400, p = 0.3750
[23:49:34] [INFO] Inner cross only (S1-S4) delay vs mu:
[23:49:34] [INFO]   Spearman rho = 0.400, p = 0.3750
[23:49:58] [INFO] Kappa-uncertainty bootstrap (n=10000):
[23:49:58] [INFO]   Spearman rho 95% CI: [-0.900, 0.600]
[23:49:58] [INFO] Results saved to /Users/matthewsmawfield/www/Temporal Equivalence Principle/TEP-LENS/results/outputs/step_34_agnostic_rank_test.json
[23:49:58] [INFO] Step 34 complete.

======================================================================
RUNNING: step_35_single_contrast_dominance.py
LOG: /Users/matthewsmawfield/www/Temporal Equivalence Principle/TEP-LENS/logs/step_35_single_contrast_dominance.log
======================================================================


[23:50:02] [INFO] ======================================================================
[23:50:02] [INFO] STEP 35: Single-Contrast Dominance Quantification
[23:50:02] [INFO] ======================================================================
[23:50:02] [INFO] Original loop residuals:
[23:50:02] [INFO]   S1_S2_S3: -0.109 d
[23:50:02] [INFO]   S1_S2_S4: +0.278 d
[23:50:02] [INFO]   S1_S3_S4: +0.342 d
[23:50:02] [INFO]   S1_S2_SX: -8.492 d
[23:50:02] [INFO]   S1_S4_SX: -14.538 d
[23:50:02] [INFO] 
S4-SX contrast knockout:
[23:50:02] [INFO]   Total energy (sum R^2):     283.676 d^2
[23:50:02] [INFO]   Energy after knockout:      1.312 d^2
[23:50:02] [INFO]   Fraction DROP from S4-SX:   99.5%
[23:50:02] [INFO] 
Isolate S4-SX contrast (zero inner-cross differences):
[23:50:02] [INFO]   Retained energy fraction:   72.3%
[23:50:02] [INFO] 
Effective degrees of freedom (participation ratio):
[23:50:02] [INFO]   eff_dof = 1.99
[23:50:02] [INFO]   Interpretation: the predicted TEP signal is concentrated in
[23:50:02] [INFO]   ~2.0 effective independent contrast(s).
[23:50:02] [INFO] 
Loop-type energy split:
[23:50:02] [INFO]   SX-containing loops:   283.470 d^2 (99.9%)
[23:50:02] [INFO]   Inner-cross only loops: 0.206 d^2 (0.1%)
[23:50:02] [INFO] 
Results saved to /Users/matthewsmawfield/www/Temporal Equivalence Principle/TEP-LENS/results/outputs/step_35_single_contrast_dominance.json
[23:50:02] [INFO] Step 35 complete.

======================================================================
RUNNING: step_36_falsification_forward_prediction.py
LOG: /Users/matthewsmawfield/www/Temporal Equivalence Principle/TEP-LENS/logs/step_36_falsification_forward_prediction.log
======================================================================


[23:50:07] [INFO] ======================================================================
[23:50:07] [INFO] STEP 36: Forward-Prediction Falsification Thresholds — SN 2025wny
[23:50:07] [INFO] ======================================================================
[23:50:07] [INFO] Loaded alpha from Step 07: -0.0560 +/- 0.0108 (bootstrap std; analytical=0.044)
[23:50:07] [INFO] Predicted residual magnitude distribution (N=100000):
[23:50:07] [INFO]   16th percentile: 0.82 d
[23:50:07] [INFO]   50th percentile: 2.27 d
[23:50:07] [INFO]   84th percentile: 4.64 d
[23:50:07] [INFO]   95th percentile: 6.57 d
[23:50:07] [INFO]   99th percentile: 8.94 d
[23:50:07] [INFO]   P(R > 1 d): 79.33%
[23:50:07] [INFO]   P(R > 5 d): 13.10%
[23:50:07] [INFO] 
Required delay precision (longest baseline):
[23:50:07] [INFO]   For 3-sigma test (median signal): sigma_dt < 0.76 d
[23:50:07] [INFO]   For 5-sigma test (median signal): sigma_dt < 0.45 d
[23:50:07] [INFO]   For 3-sigma test (conservative, 16th pct): sigma_dt < 0.27 d
[23:50:07] [INFO]   For 5-sigma test (conservative, 16th pct): sigma_dt < 0.16 d
[23:50:07] [INFO] 
Pre-registered falsification condition (sigma_dt = 2.0 d):
[23:50:07] [INFO]   If |R_obs| < 4.0 d, the proxy model is excluded at 95% CL.
[23:50:07] [INFO]   This threshold excludes 77.4% of the prior prediction envelope.
[23:50:11] [INFO] 
Results saved to /Users/matthewsmawfield/www/Temporal Equivalence Principle/TEP-LENS/results/outputs/step_36_falsification_forward_prediction.json
[23:50:11] [INFO] Step 36 complete.

======================================================================
RUNNING: step_37_multi_system_evidence.py
LOG: /Users/matthewsmawfield/www/Temporal Equivalence Principle/TEP-LENS/logs/step_37_multi_system_evidence.log
======================================================================


[23:50:18] [INFO] ======================================================================
[23:50:18] [INFO] STEP 37: Multi-System Evidence Accumulation Projection
[23:50:18] [INFO] ======================================================================
[23:50:18] [INFO] Template system (SN Refsdal SX):
[23:50:18] [INFO]   alpha_inferred = -0.0553 +/- 0.0438
[23:50:18] [INFO]   R_tep = 14.538 d
[23:50:18] [INFO]   Exact permutation test blind: z = 1.87, p = 0.0310
[23:50:18] [INFO] 
Stouffer projection (identical Refsdal-precision systems):
[23:50:18] [INFO]   3-sigma evidence:  N = 3 systems
[23:50:18] [INFO]   5-sigma discovery: N = 8 systems
[23:50:18] [INFO] 
Alpha-inference projection (identical systems):
[23:50:18] [INFO]   Combined sigma_alpha = 0.0438 / sqrt(N)
[23:50:18] [INFO]   3-sigma exclusion of alpha=0: N = 6
[23:50:18] [INFO]   5-sigma exclusion of alpha=0: N = 16
[23:50:18] [INFO] 
Pre-registered thresholds:
[23:50:18] [INFO]   These thresholds assume each new system provides an independent blind-prediction residual test with precision equivalent to SN Refsdal (blind model uncertainty sigma_model ~ 16-60 d, 7 blind models, R_tep ~ 14.5 d). Degraded precision in new systems increases the required N proportionally. These thresholds are pre-registered and will not be adjusted post-measurement.
[23:50:20] [INFO] 
Results saved to /Users/matthewsmawfield/www/Temporal Equivalence Principle/TEP-LENS/results/outputs/step_37_multi_system_evidence.json
[23:50:22] [INFO] Figure saved to /Users/matthewsmawfield/www/Temporal Equivalence Principle/TEP-LENS/results/figures/step_37_multi_system_evidence.png
[23:50:22] [INFO] Step 37 complete.

======================================================================
RUNNING: step_38_cosmograil_cross_system.py
LOG: /Users/matthewsmawfield/www/Temporal Equivalence Principle/TEP-LENS/logs/step_38_cosmograil_cross_system.log
======================================================================


[23:50:24] [INFO] ======================================================================
[23:50:24] [INFO] STEP 38b: CosmoGRAIL Cross-System Directional Consistency Check
[23:50:24] [INFO] ======================================================================
[23:50:24] [INFO] 
Processed 10 CosmoGRAIL systems
[23:50:24] [INFO]   Total valid pairs: 36
[23:50:24] [INFO]   Agree with TEP: 26
[23:50:24] [INFO]   Disagree with TEP: 10
[23:50:24] [INFO]   Skipped: 8
[23:50:24] [INFO] 
Cross-system directional agreement (all pairs):
[23:50:24] [INFO]   26/36 pairs show brighter image arriving earlier
[23:50:24] [INFO]   Agreement fraction: 72.2%
[23:50:24] [INFO]   Approximate binomial (p=0.5 null): p = 0.0057, z = +2.67
[23:50:24] [INFO]   [CAVEAT] p=0.5 is approximate; lens geometry can bias the true null.
[23:50:24] [INFO] 
Stouffer combination (10 systems):
[23:50:24] [INFO]   z = +2.31, p = 0.0105
[23:50:24] [INFO] 
Mean Kendall tau (delay vs magnification, reference-dependent):
[23:50:24] [INFO]   tau = +0.429
[23:50:24] [INFO]   [NOTE] Tau sign depends on choice of reference image.
[23:50:24] [INFO]   [NOTE] Lens geometry dominates; no valid null hypothesis without lens models.
[23:50:24] [INFO] 
Results saved to /Users/matthewsmawfield/www/Temporal Equivalence Principle/TEP-LENS/results/outputs/step_38b_cosmograil_cross_system.json
[23:50:24] [INFO] Figure saved to /Users/matthewsmawfield/www/Temporal Equivalence Principle/TEP-LENS/results/figures/step_38b_cross_system.png
[23:50:24] [INFO] Step 38b complete.

======================================================================
RUNNING: step_38_sn_encore_residuals.py
LOG: /Users/matthewsmawfield/www/Temporal Equivalence Principle/TEP-LENS/logs/step_38_sn_encore_residuals.log
======================================================================


[23:50:25] [INFO] ======================================================================
[23:50:25] [INFO] STEP 38: SN Encore Blind-Prediction Residual Test
[23:50:25] [INFO] ======================================================================
[23:50:25] [INFO] Observed Delta_t(1b,1a) = -39.8 (+3.9/-3.3) d (Pierel et al. 2026 (ApJ, arXiv:2509.12301). Table 5 final systematic-corrected delay.)
[23:50:25] [INFO] Loaded 8 blind models (8 total) from Suyu+2025 Table E.1
[23:50:25] [INFO] Loaded alpha from Step 07: -0.0560 +/- 0.0108
[23:50:25] [INFO] TEP proxy predicted residual: -0.494 d (alpha=-0.055988671582071256, log10(mu_ratio)=-0.172, dt_mean=-51.2 d)
[23:50:25] [INFO] Sensitivity: 8.815 d per unit alpha (small because magnification contrast is modest)
[23:50:25] [INFO] 
Per-model observed - predicted residuals:
[23:50:25] [INFO] Model             Pred    Delta  sigma_m  sigma_tot       z
[23:50:25] [INFO] glafic           -32.4      -7.4       2.4         4.3    -1.72
[23:50:25] [INFO] GLEE             -37.1      -2.7       2.7         4.5    -0.60
[23:50:25] [INFO] GLEE-baseline    -36.9      -2.9       2.8         4.6    -0.64
[23:50:25] [INFO] Lenstool I       -75.0     +35.2      54.5        54.6    +0.64
[23:50:25] [INFO] Lenstool II      -35.6      -4.2       3.7         5.2    -0.81
[23:50:25] [INFO] MrMARTIAN        -40.6      +0.8       6.4         7.3    +0.11
[23:50:25] [INFO] WSLAP+          -112.0     +72.2      32.0        32.2    +2.24
[23:50:25] [INFO] Zitrin-analytic   -40.2      +0.4       9.3        10.0    +0.04
[23:50:25] [INFO] 
Weighted mean residual R_obs = -3.33 +/- 2.13 d  (z = -1.56)
[23:50:25] [INFO] Unweighted mean: +11.43 d, std = 26.21 d
[23:50:25] [INFO] Positive residuals: 4/8, negative: 4/8
[23:50:25] [INFO] 
TEP consistency test:
[23:50:25] [INFO]   R_obs (weighted)  = -3.33 +/- 2.13 d
[23:50:25] [INFO]   R_TEP_pred        = -0.494 d
[23:50:25] [INFO]   Tension           = -1.33 sigma
[23:50:25] [INFO]   Inferred alpha    = -0.3777 (if R_obs attributed entirely to TEP; highly uncertain)
[23:50:25] [INFO] 
GR null test:
[23:50:25] [INFO]   R_obs = -3.33 +/- 2.13 d
[23:50:25] [INFO]   Tension with GR (R=0): -1.56 sigma
[23:50:25] [INFO] 
Binomial sign test (all 8 models):
[23:50:25] [INFO]   Positive residuals: 4/8
[23:50:25] [INFO]   One-sided p (H0: p=0.5): p = 0.6367
[23:50:25] [INFO]   Equivalent z: z = +0.00
[23:50:25] [INFO] 
Wilcoxon signed-rank (all 8, two-sided): p = 1.000000
[23:50:25] [INFO] 
Chi-squared model comparison (8 models):
[23:50:25] [INFO]   chi^2 under GR  (R=0):            9.850
[23:50:25] [INFO]   chi^2 under TEP (R=-0.49 d):  9.181
[23:50:25] [INFO]   Delta chi^2 = +0.669
[23:50:25] [INFO]   p-value (chi^2, 1 dof): p = 0.4134
[23:50:25] [INFO] 
Results saved to /Users/matthewsmawfield/www/Temporal Equivalence Principle/TEP-LENS/results/outputs/step_38_sn_encore_residuals.json
[23:50:25] [INFO] Step 38 complete.

======================================================================
RUNNING: step_39_sn_h0pe_residuals.py
LOG: /Users/matthewsmawfield/www/Temporal Equivalence Principle/TEP-LENS/logs/step_39_sn_h0pe_residuals.log
======================================================================


[23:50:26] [INFO] ======================================================================
[23:50:26] [INFO] STEP 39: SN H0pe Blind-Prediction Residual Test
[23:50:26] [INFO] ======================================================================
[23:50:26] [INFO] Loaded alpha from Step 07: -0.0560 +/- 0.0108
[23:50:26] [INFO] Observed Delta_t(A,B) = -116.6 (+10.8/-9.3) d (Pierel+2024)
[23:50:26] [INFO] Observed Delta_t(C,B) = -48.6 (+3.6/-4.0) d (Pierel+2024)
[23:50:26] [INFO] Observed magnifications: mu_A=4.43, mu_B=8.0, mu_C=6.43 (Pierel+2024 photometry)
[23:50:26] [INFO] 
[WSLAP+ leave-out] AB: n_neg=5/6, R_obs = -10.64 +/- 5.14 d
[23:50:26] [INFO] [WSLAP+ leave-out] CB: n_neg=2/6, R_obs = +0.09 +/- 2.67 d
[23:50:26] [INFO] 
--- Delay pair AB ---
[23:50:26] [INFO] Weighted mean residual = -10.16 +/- 5.13 d
[23:50:26] [INFO] Binomial: 2/7 positive, p = 0.9375
[23:50:26] [INFO] Wilcoxon (two-sided): p = 0.8125
[23:50:26] [INFO] 
--- Delay pair CB ---
[23:50:26] [INFO] Weighted mean residual = -0.23 +/- 2.67 d
[23:50:26] [INFO] Binomial: 4/7 positive, p = 0.5000
[23:50:26] [INFO] Wilcoxon (two-sided): p = 0.6875
[23:50:26] [INFO] 
TEP proxy predicted residuals:
[23:50:26] [INFO]   AB: -1.577 d (log10(mu_A/mu_B)=-0.257, dt_mean=-109.7 d; WSLAP+ excluded)
[23:50:26] [INFO]   CB: -0.257 d (log10(mu_C/mu_B)=-0.095, dt_mean=-48.4 d; WSLAP+ excluded)
[23:50:26] [INFO]   All-model mean diagnostic: AB=-1.913 d, CB=+0.040 d
[23:50:26] [INFO]   Directional matches: AB=5/7 negative, CB=3/7 negative
[23:50:26] [INFO] 
System summary:
[23:50:26] [INFO]   Mean residual across pairs: -5.20 d
[23:50:26] [INFO] 
Results saved to /Users/matthewsmawfield/www/Temporal Equivalence Principle/TEP-LENS/results/outputs/step_39_sn_h0pe_residuals.json
[23:50:26] [INFO] Step 39 complete.

======================================================================
RUNNING: step_40_cross_system_trio.py
LOG: /Users/matthewsmawfield/www/Temporal Equivalence Principle/TEP-LENS/logs/step_40_cross_system_trio.log
======================================================================


[23:50:27] [INFO] ======================================================================
[23:50:27] [INFO] STEP 40: Cross-System Trio Evidence Synthesis
[23:50:27] [INFO] ======================================================================
[23:50:27] [INFO] SN Refsdal: R_obs=+14.61 d, R_tep=+14.54 d, z=+2.15, p=0.0156
[23:50:27] [INFO] SN Encore:  R_obs=-3.33 d, R_tep=-0.49 d, z=+0.00, p=0.6367 (predicted negative)
[23:50:27] [INFO] SN H0pe:    R_obs(AB)=-10.16 d, R_obs(CB)=-0.23 d, R_tep(AB)=-1.58 d, R_tep(CB)=-0.26 d
[23:50:27] [INFO]   Directional z(AB)=+1.13, z(CB)=-0.38; primary=AB
[23:50:27] [INFO] 
Sign consistency check:
[23:50:27] [INFO]   Systems with observed sign matching TEP prediction: 3/3
[23:50:27] [INFO]   Exact binomial p (H0: random signs): p = 0.1250
[23:50:27] [INFO]   [DIAGNOSTIC ONLY] Normal z-approx (INVALID for n=3): z = +1.73
[23:50:27] [INFO]   WARNING: z-approx implies p≈0.042, contradicting exact p=0.125.
[23:50:27] [INFO]   Report ONLY the exact p-value in the manuscript.
[23:50:27] [INFO] 
Stouffer combination (3 systems):
[23:50:27] [INFO]   Individual z-scores: ['+2.15', '+0.00', '+1.13']
[23:50:27] [INFO]   Combined z = +1.898, p = 0.0288
[23:50:27] [INFO] 
Precision-weighted mean residual (all systems):
[23:50:27] [INFO]   R_combined = -3.09 +/- 1.94 d
[23:50:27] [INFO] 
Evidence comparison:
[23:50:27] [INFO]   Refsdal alone: z = +2.15
[23:50:27] [INFO]   Trio combined: z = +1.90
[23:50:27] [INFO]   Encore + H0pe contribution: -0.26 (minimal because predicted TEP shifts are low-SNR)
[23:50:27] [INFO] 
Results saved to /Users/matthewsmawfield/www/Temporal Equivalence Principle/TEP-LENS/results/outputs/step_40_cross_system_trio.json
[23:50:27] [INFO] Step 40 complete.

======================================================================
RUNNING: step_20_external_completeness_synthesis.py
LOG: /Users/matthewsmawfield/www/Temporal Equivalence Principle/TEP-LENS/logs/step_20_external_completeness_synthesis.log
======================================================================


[23:50:28] [INFO] ======================================================================
[23:50:28] [INFO] STEP 20: External Completeness Synthesis
[23:50:28] [INFO] ======================================================================
[23:50:28] [INFO] Lens coverage: 7/7 (1.00)
[23:50:28] [INFO] Recommended Reporting Track: single_robust_test_benchmark (z=1.866)
[23:50:28] [INFO] Results saved to /Users/matthewsmawfield/www/Temporal Equivalence Principle/TEP-LENS/results/outputs/step_20_external_completeness_synthesis.json
[23:50:28] [INFO] Step 20 complete.

======================================================================
PIPELINE COMPLETE
======================================================================
Steps completed: 34/34
Results saved to: results/outputs/
Figures saved to: results/figures/
