
[23:43:03] [INFO] ======================================================================
[23:43:03] [INFO] STEP 13: Bayesian GR vs TEP Comparison
[23:43:03] [INFO] ======================================================================
[23:43:15] [INFO] [baseline] logZ(GR)        = -39.22
[23:43:15] [INFO] [baseline] logZ(TEP fixed) = -39.16
[23:43:15] [INFO] [baseline] logZ(TEP free)  = -39.70
[23:43:15] [INFO] [baseline] log BF fixed/GR = +0.06 (BF=1.06)
[23:43:15] [INFO] [baseline] log BF free/GR  = -0.49 (BF=0.615)
[23:43:15] [INFO] [baseline] Posterior tau   = 10.10 [2.29, 17.81] d
[23:43:15] [INFO] [baseline] Posterior alpha = -0.0384 [-0.1237, 0.0455]
[23:43:25] [INFO] [h0pe2025_informed] logZ(GR)        = -39.51
[23:43:25] [INFO] [h0pe2025_informed] logZ(TEP fixed) = -39.51
[23:43:25] [INFO] [h0pe2025_informed] logZ(TEP free)  = -40.22
[23:43:25] [INFO] [h0pe2025_informed] log BF fixed/GR = -0.00 (BF=0.997)
[23:43:25] [INFO] [h0pe2025_informed] log BF free/GR  = -0.71 (BF=0.492)
[23:43:25] [INFO] [h0pe2025_informed] Posterior tau   = 11.16 [2.51, 19.72] d
[23:43:25] [INFO] [h0pe2025_informed] Posterior alpha = -0.0379 [-0.1300, 0.0516]
[23:43:26] [INFO] Figure saved to /Users/matthewsmawfield/www/Temporal Equivalence Principle/TEP-LENS/results/figures/step_13_bayes_comparison.png
[23:43:26] [INFO] Results saved to /Users/matthewsmawfield/www/Temporal Equivalence Principle/TEP-LENS/results/outputs/step_13_bayes_model_comparison.json
[23:43:26] [INFO] Step 13 complete.
