
[16:06:55] [INFO] ======================================================================
[16:06:55] [INFO] STEP 05: TDCOSMO Quad-Lens Temporal Shear Test
[16:06:55] [INFO] ======================================================================
[16:06:55] [INFO] TEP coupling alpha = 0.05
[16:06:55] [INFO] Processing HE0435-1223...
[16:06:55] [INFO]   HE0435-1223 dt_BA: dt=-9.0±0.9d, log(F_i/F_A)=-0.133, TEP_shift=-0.060d
[16:06:55] [INFO]   HE0435-1223 dt_CA: dt=-3.0±1.4d, log(F_i/F_A)=-0.210, TEP_shift=-0.031d
[16:06:55] [INFO]   HE0435-1223 dt_DA: dt=-13.8±0.8d, log(F_i/F_A)=-0.252, TEP_shift=-0.174d
[16:06:55] [INFO] Processing WFI2033-4723...
[16:06:55] [INFO]   WFI2033-4723 dt_BA: dt=-36.2±0.8d, log(F_i/F_A)=-0.182, TEP_shift=-0.329d
[16:06:55] [INFO]   WFI2033-4723 dt_CA: dt=+22.7±1.4d, log(F_i/F_A)=-0.373, TEP_shift=-0.423d
[16:06:55] [INFO] Processing DES0408-5354...
[16:06:55] [INFO]   DES0408-5354 dt_BA: dt=-112.1±2.1d, log(F_i/F_A)=-0.146, TEP_shift=-0.817d
[16:06:55] [INFO]   DES0408-5354 dt_CA: dt=-155.5±12.8d, log(F_i/F_A)=-0.606, TEP_shift=-4.708d
[16:06:55] [INFO]   DES0408-5354 dt_DA: dt=-128.4±5.1d, log(F_i/F_A)=-0.719, TEP_shift=-4.616d
[16:06:55] [INFO] Processing RXJ1131-1231...
[16:06:55] [INFO]   RXJ1131-1231 dt_BA: dt=+0.7±1.4d, log(F_i/F_A)=-0.022, TEP_shift=-0.001d
[16:06:55] [INFO]   RXJ1131-1231 dt_CA: dt=-0.4±2.0d, log(F_i/F_A)=-0.276, TEP_shift=-0.006d
[16:06:55] [INFO]   RXJ1131-1231 dt_DA: dt=+91.4±1.5d, log(F_i/F_A)=-0.959, TEP_shift=-4.381d
[16:06:55] [INFO] Processing PG1115+080...
[16:06:55] [INFO]   PG1115+080 dt_A2A1: dt=-14.3±3.4d, log(F_i/F_A)=-0.796, TEP_shift=-0.569d
[16:06:55] [INFO]   PG1115+080 dt_CA1: dt=+9.4±3.4d, log(F_i/F_A)=-0.770, TEP_shift=-0.362d
[16:06:55] [INFO] Processing B1608+656...
[16:06:55] [INFO]   B1608+656 dt_BA: dt=+31.5±1.5d, log(F_i/F_A)=-0.301, TEP_shift=-0.474d
[16:06:55] [INFO]   B1608+656 dt_CA: dt=+36.0±1.5d, log(F_i/F_A)=-0.276, TEP_shift=-0.496d
[16:06:55] [INFO]   B1608+656 dt_DA: dt=+77.0±1.5d, log(F_i/F_A)=-0.796, TEP_shift=-3.064d
[16:06:55] [INFO] Processing J1206+4332...
[16:06:55] [INFO]   J1206+4332 dt_BA: dt=+111.3±3.0d, log(F_i/F_A)=-0.328, TEP_shift=-1.825d
[16:06:55] [INFO] Processing SN Encore...
[16:06:55] [INFO]   SN Encore dt_1b1a: dt=-37.3±13.1d, log(F_i/F_A)=+0.301, TEP_shift=+0.561d
[16:06:56] [INFO] Spearman rho(log_flux_ratio, TEP_shift) = 0.733, p = 0.0005
[16:06:56] [INFO] Note: by construction rho=+1 since TEP_shift = alpha*log(F)*|dt|
[16:06:56] [INFO] The physically meaningful test is the magnitude of predicted shifts vs measurement errors.
[16:06:56] [INFO] Pairs with |TEP_shift| > 1σ_meas: 16/18
[16:06:56] [INFO] Figure saved to /Users/matthewsmawfield/www/TEP-LENS/results/figures/step_05_tdcosmo_shear.png
[16:06:56] [INFO] Results saved to /Users/matthewsmawfield/www/TEP-LENS/results/outputs/step_05_tdcosmo_shear.json
[16:06:56] [INFO] Step 05 complete.
