[18:50:49] [PROCESS] Checking COSMOGRAIL data availability...
[18:50:49] [SUCCESS] ✓ All required COSMOGRAIL data present (8 RDB files)
[18:50:49] [PROCESS] Found 8 RDB + 13 multi-band CSV light curve files
[18:50:49] [PROCESS] Processing DESJ0408_Courbin2017.rdb
[18:50:49] [PROCESS]   System DESJ0408: 3 images, [('A', 'B'), ('A', 'D'), ('B', 'D')] pairs
[18:50:49] [PROCESS]   Analyzing pair A-B
[18:50:49] [PROCESS]   Analyzing pair A-D
[18:50:49] [PROCESS]   Analyzing pair B-D
[18:50:49] [PROCESS]   Running 100 bootstrap iterations...
  Running 100 bootstrap iterations using 14 cores...
[18:50:54] [PROCESS] Processing HE0435_Bonvin2016.rdb
[18:50:54] [PROCESS]   System HE0435: 4 images, [('A', 'B'), ('A', 'C'), ('A', 'D'), ('B', 'C'), ('B', 'D'), ('C', 'D')] pairs
[18:50:54] [PROCESS]   Analyzing pair A-B
[18:50:54] [PROCESS]   Analyzing pair A-C
[18:50:55] [PROCESS]   Analyzing pair A-D
[18:50:55] [PROCESS]   Analyzing pair B-C
[18:50:55] [PROCESS]   Analyzing pair B-D
[18:50:56] [PROCESS]   Analyzing pair C-D
[18:50:56] [PROCESS]   Running 100 bootstrap iterations...
  Running 13 jackknife iterations using 13 cores...
  Running 100 bootstrap iterations using 14 cores...
[18:51:31] [PROCESS] Processing HS2209_Eulaers2013.rdb
[18:51:31] [PROCESS]   System HS2209: 2 images, [('A', 'B')] pairs
[18:51:31] [PROCESS]   Analyzing pair A-B
[18:51:31] [PROCESS]   Running 100 bootstrap iterations...
  Running 19 jackknife iterations using 14 cores...
  Running 100 bootstrap iterations using 14 cores...
[18:51:36] [PROCESS] Processing J1001_Rathnakumar2013.rdb
[18:51:36] [PROCESS]   System J1001: 2 images, [('A', 'B')] pairs
[18:51:36] [PROCESS]   Analyzing pair A-B
[18:51:36] [PROCESS]   Running 100 bootstrap iterations...
  Running 9 jackknife iterations using 9 cores...
  Running 100 bootstrap iterations using 14 cores...
[18:51:40] [PROCESS] Processing J1206_Eulaers2013.rdb
[18:51:40] [PROCESS]   System J1206: 2 images, [('A', 'B')] pairs
[18:51:40] [PROCESS]   Analyzing pair A-B
[18:51:40] [PROCESS]   Running 100 bootstrap iterations...
  Running 10 jackknife iterations using 10 cores...
  Running 100 bootstrap iterations using 14 cores...
[18:51:45] [PROCESS] Processing PG1115_Bonvin2018.rdb
[18:51:45] [PROCESS]   System PG1115: 3 images, [('A', 'B'), ('A', 'C'), ('B', 'C')] pairs
[18:51:45] [PROCESS]   Analyzing pair A-B
[18:51:45] [PROCESS]   Analyzing pair A-C
[18:51:45] [PROCESS]   Analyzing pair B-C
[18:51:45] [PROCESS]   Running 100 bootstrap iterations...
  Running 100 bootstrap iterations using 14 cores...
[18:51:50] [PROCESS] Processing RXJ1131_Tewes2013.rdb
[18:51:50] [PROCESS]   System RXJ1131: 4 images, [('A', 'B'), ('A', 'C'), ('A', 'D'), ('B', 'C'), ('B', 'D'), ('C', 'D')] pairs
[18:51:50] [PROCESS]   Analyzing pair A-B
[18:51:50] [PROCESS]   Analyzing pair A-C
[18:51:50] [PROCESS]   Analyzing pair A-D
[18:51:51] [PROCESS]   Analyzing pair B-C
[18:51:51] [PROCESS]   Analyzing pair B-D
[18:51:51] [PROCESS]   Analyzing pair C-D
[18:51:51] [PROCESS]   Running 100 bootstrap iterations...
  Running 9 jackknife iterations using 9 cores...
  Running 100 bootstrap iterations using 14 cores...
[18:52:21] [PROCESS] Processing WFI2033_Bonvin2019.rdb
[18:52:21] [PROCESS]   System WFI2033: 3 images, [('A', 'B'), ('A', 'C'), ('B', 'C')] pairs
[18:52:21] [PROCESS]   Analyzing pair A-B
[18:52:21] [PROCESS]   Analyzing pair A-C
[18:52:22] [PROCESS]   Analyzing pair B-C
[18:52:22] [PROCESS]   Running 100 bootstrap iterations...
  Running 16 jackknife iterations using 14 cores...
  Running 100 bootstrap iterations using 14 cores...
[18:52:47] [PROCESS] Processing he0435_JAA703A250_R.csv
[18:52:47] [PROCESS]   System HE0435_R: 4 images, [('A', 'B'), ('A', 'C'), ('A', 'D'), ('B', 'C'), ('B', 'D'), ('C', 'D')] pairs
[18:52:47] [PROCESS]   Analyzing pair A-B
[18:52:47] [PROCESS]   Analyzing pair A-C
[18:52:48] [PROCESS]   Analyzing pair A-D
[18:52:48] [PROCESS]   Analyzing pair B-C
[18:52:48] [PROCESS]   Analyzing pair B-D
[18:52:48] [PROCESS]   Analyzing pair C-D
[18:52:48] [PROCESS]   Running 100 bootstrap iterations...
  Running 20 jackknife iterations using 14 cores...
  Running 100 bootstrap iterations using 14 cores...
[18:53:24] [PROCESS] Processing he0435_JAA703A250_V.csv
[18:53:24] [PROCESS]   System HE0435_V: 4 images, [('A', 'B'), ('A', 'C'), ('A', 'D'), ('B', 'C'), ('B', 'D'), ('C', 'D')] pairs
[18:53:24] [PROCESS]   Analyzing pair A-B
[18:53:24] [PROCESS]   Analyzing pair A-C
[18:53:25] [PROCESS]   Analyzing pair A-D
[18:53:25] [PROCESS]   Analyzing pair B-C
[18:53:25] [PROCESS]   Analyzing pair B-D
[18:53:25] [PROCESS]   Analyzing pair C-D
[18:53:26] [PROCESS]   Running 100 bootstrap iterations...
  Running 24 jackknife iterations using 14 cores...
  Running 100 bootstrap iterations using 14 cores...
[18:54:07] [PROCESS] Processing he1104_JApJ798_95_B.csv
[18:54:07] [PROCESS]   System HE1104_B: 2 images, [('A', 'B')] pairs
[18:54:07] [PROCESS]   Analyzing pair A-B
[18:54:08] [PROCESS]   Running 100 bootstrap iterations...
  Running 20 jackknife iterations using 14 cores...
  Running 100 bootstrap iterations using 14 cores...
[18:54:15] [PROCESS] Processing he1104_JApJ798_95_I.csv
[18:54:15] [PROCESS]   System HE1104_I: 2 images, [('A', 'B')] pairs
[18:54:15] [PROCESS]   Analyzing pair A-B
[18:54:15] [PROCESS]   Running 100 bootstrap iterations...
  Running 13 jackknife iterations using 13 cores...
  Running 100 bootstrap iterations using 14 cores...
[18:54:22] [PROCESS] Processing he1104_JApJ798_95_J.csv
[18:54:22] [PROCESS]   System HE1104_J: 2 images, [('A', 'B')] pairs
[18:54:22] [PROCESS]   Analyzing pair A-B
[18:54:23] [PROCESS]   Running 100 bootstrap iterations...
  Running 15 jackknife iterations using 14 cores...
  Running 100 bootstrap iterations using 14 cores...
[18:54:29] [PROCESS] Processing he1104_JApJ798_95_R.csv
[18:54:29] [PROCESS]   System HE1104_R: 2 images, [('A', 'B')] pairs
[18:54:29] [PROCESS]   Analyzing pair A-B
[18:54:30] [PROCESS]   Running 100 bootstrap iterations...
  Running 11 jackknife iterations using 11 cores...
  Running 100 bootstrap iterations using 14 cores...
[18:54:38] [PROCESS] Processing q2237_JAA637A89_I.csv
[18:54:38] [PROCESS]   System Q2237_I: 4 images, [('A', 'B'), ('A', 'C'), ('A', 'D'), ('B', 'C'), ('B', 'D'), ('C', 'D')] pairs
[18:54:38] [PROCESS]   Analyzing pair A-B
[18:54:38] [PROCESS]   Analyzing pair A-C
[18:54:38] [PROCESS]   Analyzing pair A-D
[18:54:39] [PROCESS]   Analyzing pair B-C
[18:54:39] [PROCESS]   Analyzing pair B-D
[18:54:39] [PROCESS]   Analyzing pair C-D
[18:54:40] [PROCESS]   Running 100 bootstrap iterations...
  Running 18 jackknife iterations using 14 cores...
  Running 100 bootstrap iterations using 14 cores...
[18:55:20] [PROCESS] Processing q2237_JAA637A89_V.csv
[18:55:20] [PROCESS]   System Q2237_V: 4 images, [('A', 'B'), ('A', 'C'), ('A', 'D'), ('B', 'C'), ('B', 'D'), ('C', 'D')] pairs
[18:55:20] [PROCESS]   Analyzing pair A-B
[18:55:20] [PROCESS]   Analyzing pair A-C
[18:55:21] [PROCESS]   Analyzing pair A-D
[18:55:21] [PROCESS]   Analyzing pair B-C
[18:55:21] [PROCESS]   Analyzing pair B-D
[18:55:21] [PROCESS]   Analyzing pair C-D
[18:55:22] [PROCESS]   Running 100 bootstrap iterations...
  Running 17 jackknife iterations using 14 cores...
  Running 100 bootstrap iterations using 14 cores...
[18:56:05] [PROCESS] Processing q2237_JAA637A89_g.csv
[18:56:05] [PROCESS]   System Q2237_G: 4 images, [('A', 'B'), ('A', 'C'), ('A', 'D'), ('B', 'C'), ('B', 'D'), ('C', 'D')] pairs
[18:56:05] [PROCESS]   Analyzing pair A-B
[18:56:06] [PROCESS]   Analyzing pair A-C
[18:56:06] [PROCESS]   Analyzing pair A-D
[18:56:07] [PROCESS]   Analyzing pair B-C
[18:56:07] [PROCESS]   Analyzing pair B-D
[18:56:08] [PROCESS]   Analyzing pair C-D
[18:56:08] [PROCESS]   Running 100 bootstrap iterations...
  Running 12 jackknife iterations using 12 cores...
  Running 100 bootstrap iterations using 14 cores...
[18:57:03] [PROCESS] Processing q2237_JAA637A89_r.csv
[18:57:03] [PROCESS]   System Q2237_R: 4 images, [('A', 'B'), ('A', 'C'), ('A', 'D'), ('B', 'C'), ('B', 'D'), ('C', 'D')] pairs
[18:57:03] [PROCESS]   Analyzing pair A-B
[18:57:04] [PROCESS]   Analyzing pair A-C
[18:57:04] [PROCESS]   Analyzing pair A-D
[18:57:05] [PROCESS]   Analyzing pair B-C
[18:57:05] [PROCESS]   Analyzing pair B-D
[18:57:05] [PROCESS]   Analyzing pair C-D
[18:57:06] [PROCESS]   Running 100 bootstrap iterations...
  Running 15 jackknife iterations using 14 cores...
  Running 100 bootstrap iterations using 14 cores...
[18:57:58] [PROCESS] Processing q2237_vakulik_JAA420_447_I.csv
[18:57:59] [PROCESS]   System Q2237_I: 4 images, [('A', 'B'), ('A', 'C'), ('A', 'D'), ('B', 'C'), ('B', 'D'), ('C', 'D')] pairs
[18:57:59] [PROCESS]   Analyzing pair A-B
[18:57:59] [PROCESS]   Analyzing pair A-C
[18:57:59] [PROCESS]   Analyzing pair A-D
[18:58:00] [PROCESS]   Analyzing pair B-C
[18:58:00] [PROCESS]   Analyzing pair B-D
[18:58:00] [PROCESS]   Analyzing pair C-D
[18:58:00] [PROCESS]   Running 100 bootstrap iterations...
  Running 6 jackknife iterations using 6 cores...
  Running 100 bootstrap iterations using 14 cores...
[18:58:26] [PROCESS] Processing q2237_vakulik_JAA420_447_R.csv
[18:58:26] [PROCESS]   System Q2237_R: 4 images, [('A', 'B'), ('A', 'C'), ('A', 'D'), ('B', 'C'), ('B', 'D'), ('C', 'D')] pairs
[18:58:26] [PROCESS]   Analyzing pair A-B
[18:58:27] [PROCESS]   Analyzing pair A-C
[18:58:27] [PROCESS]   Analyzing pair A-D
[18:58:27] [PROCESS]   Analyzing pair B-C
[18:58:27] [PROCESS]   Analyzing pair B-D
[18:58:27] [PROCESS]   Analyzing pair C-D
[18:58:27] [PROCESS]   Running 100 bootstrap iterations...
  Running 6 jackknife iterations using 6 cores...
  Running 100 bootstrap iterations using 14 cores...
[18:58:47] [PROCESS] Processing q2237_vakulik_JAA420_447_V.csv
[18:58:47] [PROCESS]   System Q2237_V: 4 images, [('A', 'B'), ('A', 'C'), ('A', 'D'), ('B', 'C'), ('B', 'D'), ('C', 'D')] pairs
[18:58:47] [PROCESS]   Analyzing pair A-B
[18:58:47] [PROCESS]   Analyzing pair A-C
[18:58:48] [PROCESS]   Analyzing pair A-D
[18:58:48] [PROCESS]   Analyzing pair B-C
[18:58:48] [PROCESS]   Analyzing pair B-D
[18:58:48] [PROCESS]   Analyzing pair C-D
[18:58:48] [PROCESS]   Running 100 bootstrap iterations...
  Running 6 jackknife iterations using 6 cores...
  Running 100 bootstrap iterations using 14 cores...
[18:59:16] [SUCCESS] Saved results: results/outputs/step_30_cosmograil_temporal_shear.json

============================================================
COSMOGRAIL TEMPORAL SHEAR ANALYSIS SUMMARY
============================================================
Systems analyzed: 18
Image pairs analyzed: 82
Valid Γ measurements: 55

Γ (temporal shear slope) statistics:
  Mean:   -3.766 days/decade
  Median: 0.000 days/decade
  Std:    36.920 days/decade

Significance:
  >2σ (raw): 0 pairs
  >3σ (raw): 0 pairs
  >2σ (practical cuts): 0 pairs
  >3σ (practical cuts): 0 pairs

Interpretation: NULL: No significant temporal shear detected. Consistent with GR (single constant delay).
============================================================
[18:59:16] [SUCCESS] Step 30 complete
